0 info it worked if it ends with ok
1 verbose cli [
1 verbose cli   '/usr/local/bin/node',
1 verbose cli   '/usr/local/bin/npm',
1 verbose cli   'install',
1 verbose cli   '--ignore-scripts',
1 verbose cli   '@types/abbrev@ts3.6',
1 verbose cli   '@types/accepts@ts3.6',
1 verbose cli   '@types/ansi-align@ts3.6',
1 verbose cli   '@types/are-we-there-yet@ts3.6',
1 verbose cli   '@types/asn1@ts3.6',
1 verbose cli   '@types/assert-plus@ts3.6',
1 verbose cli   '@types/aws4@ts3.6',
1 verbose cli   '@types/balanced-match@ts3.6',
1 verbose cli   '@types/body-parser@ts3.6',
1 verbose cli   '@types/brace-expansion@ts3.6',
1 verbose cli   '@types/braces@ts3.6',
1 verbose cli   '@types/bytes@ts3.6',
1 verbose cli   '@types/caseless@ts3.6',
1 verbose cli   '@types/chownr@ts3.6',
1 verbose cli   '@types/color-convert@ts3.6',
1 verbose cli   '@types/color-name@ts3.6',
1 verbose cli   '@types/combined-stream@ts3.6',
1 verbose cli   '@types/concat-map@ts3.6',
1 verbose cli   '@types/configstore@ts3.6',
1 verbose cli   '@types/content-disposition@ts3.6',
1 verbose cli   '@types/content-type@ts3.6',
1 verbose cli   '@types/cookie@ts3.6',
1 verbose cli   '@types/cookie-signature@ts3.6',
1 verbose cli   '@types/core-util-is@ts3.6',
1 verbose cli   '@types/dashdash@ts3.6',
1 verbose cli   '@types/debug@ts3.6',
1 verbose cli   '@types/deep-extend@ts3.6',
1 verbose cli   '@types/delegates@ts3.6',
1 verbose cli   '@types/depd@ts3.6',
1 verbose cli   '@types/destroy@ts3.6',
1 verbose cli   '@types/detect-libc@ts3.6',
1 verbose cli   '@types/duplexer3@ts3.6',
1 verbose cli   '@types/ee-first@ts3.6',
1 verbose cli   '@types/encodeurl@ts3.6',
1 verbose cli   '@types/end-of-stream@ts3.6',
1 verbose cli   '@types/escape-html@ts3.6',
1 verbose cli   '@types/etag@ts3.6',
1 verbose cli   '@types/extend@ts3.6',
1 verbose cli   '@types/extsprintf@ts3.6',
1 verbose cli   '@types/fill-range@ts3.6',
1 verbose cli   '@types/finalhandler@ts3.6',
1 verbose cli   '@types/forever-agent@ts3.6',
1 verbose cli   '@types/forwarded@ts3.6',
1 verbose cli   '@types/fresh@ts3.6',
1 verbose cli   '@types/fs-minipass@ts3.6',
1 verbose cli   '@types/gauge@ts3.6',
1 verbose cli   '@types/getpass@ts3.6',
1 verbose cli   '@types/glob-parent@ts3.6',
1 verbose cli   '@types/graceful-fs@ts3.6',
1 verbose cli   '@types/http-cache-semantics@ts3.6',
1 verbose cli   '@types/http-errors@ts3.6',
1 verbose cli   '@types/http-signature@ts3.6',
1 verbose cli   '@types/ignore-by-default@ts3.6',
1 verbose cli   '@types/ignore-walk@ts3.6',
1 verbose cli   '@types/imurmurhash@ts3.6',
1 verbose cli   '@types/inflight@ts3.6',
1 verbose cli   '@types/inherits@ts3.6',
1 verbose cli   '@types/ini@ts3.6',
1 verbose cli   '@types/is-ci@ts3.6',
1 verbose cli   '@types/is-extglob@ts3.6',
1 verbose cli   '@types/is-glob@ts3.6',
1 verbose cli   '@types/is-number@ts3.6',
1 verbose cli   '@types/is-typedarray@ts3.6',
1 verbose cli   '@types/isarray@ts3.6',
1 verbose cli   '@types/isexe@ts3.6',
1 verbose cli   '@types/isstream@ts3.6',
1 verbose cli   '@types/jsbn@ts3.6',
1 verbose cli   '@types/json-buffer@ts3.6',
1 verbose cli   '@types/json-schema@ts3.6',
1 verbose cli   '@types/json-stringify-safe@ts3.6',
1 verbose cli   '@types/jsprim@ts3.6',
1 verbose cli   '@types/media-typer@ts3.6',
1 verbose cli   '@types/merge-descriptors@ts3.6',
1 verbose cli   '@types/methods@ts3.6',
1 verbose cli   '@types/mime-db@ts3.6',
1 verbose cli   '@types/mime-types@ts3.6',
1 verbose cli   '@types/minimist@ts3.6',
1 verbose cli   '@types/minizlib@ts3.6',
1 verbose cli   '@types/ms@ts3.6',
1 verbose cli   '@types/needle@ts3.6',
1 verbose cli   '@types/negotiator@ts3.6',
1 verbose cli   '@types/nopt@ts3.6',
1 verbose cli   '@types/normalize-path@ts3.6',
1 verbose cli   '@types/npm-packlist@ts3.6',
1 verbose cli   '@types/npmlog@ts3.6',
1 verbose cli   '@types/number-is-nan@ts3.6',
1 verbose cli   '@types/object-assign@ts3.6',
1 verbose cli   '@types/on-finished@ts3.6',
1 verbose cli   '@types/once@ts3.6',
1 verbose cli   '@types/os-homedir@ts3.6',
1 verbose cli   '@types/os-tmpdir@ts3.6',
1 verbose cli   '@types/osenv@ts3.6',
1 verbose cli   '@types/parseurl@ts3.6',
1 verbose cli   '@types/path-is-absolute@ts3.6',
1 verbose cli   '@types/picomatch@ts3.6',
1 verbose cli   '@types/proxy-addr@ts3.6',
1 verbose cli   ... 39 more items
1 verbose cli ]
2 info using npm@6.14.6
3 info using node@v12.18.3
4 verbose npm-session bae30d8dd9c70b20
5 silly install loadCurrentTree
6 silly install readLocalPackageData
7 http fetch GET 304 https://registry.npmjs.org/@types%2fare-we-there-yet 633ms (from cache)
8 http fetch GET 304 https://registry.npmjs.org/@types%2faws4 625ms (from cache)
9 http fetch GET 304 https://registry.npmjs.org/@types%2fbalanced-match 623ms (from cache)
10 http fetch GET 304 https://registry.npmjs.org/@types%2faccepts 641ms (from cache)
11 http fetch GET 304 https://registry.npmjs.org/@types%2fabbrev 648ms (from cache)
12 http fetch GET 304 https://registry.npmjs.org/@types%2fbody-parser 624ms (from cache)
13 http fetch GET 304 https://registry.npmjs.org/@types%2fassert-plus 633ms (from cache)
14 http fetch GET 304 https://registry.npmjs.org/@types%2fansi-align 644ms (from cache)
15 silly registry:manifest no matching version for @types/ansi-align@ts3.6 in the cache. Forcing revalidation.
16 http fetch GET 304 https://registry.npmjs.org/@types%2fasn1 649ms (from cache)
17 http fetch GET 304 https://registry.npmjs.org/@types%2fbrace-expansion 636ms (from cache)
18 silly pacote tag manifest for @types/are-we-there-yet@ts3.6 fetched in 670ms
19 silly pacote tag manifest for @types/aws4@ts3.6 fetched in 663ms
20 silly pacote tag manifest for @types/balanced-match@ts3.6 fetched in 661ms
21 silly pacote tag manifest for @types/accepts@ts3.6 fetched in 680ms
22 silly pacote tag manifest for @types/abbrev@ts3.6 fetched in 695ms
23 silly pacote tag manifest for @types/body-parser@ts3.6 fetched in 662ms
24 silly pacote tag manifest for @types/assert-plus@ts3.6 fetched in 669ms
25 silly pacote tag manifest for @types/asn1@ts3.6 fetched in 688ms
26 silly pacote tag manifest for @types/brace-expansion@ts3.6 fetched in 694ms
27 http fetch GET 200 https://registry.npmjs.org/@types%2fansi-align 253ms
28 silly fetchPackageMetaData error for @types/ansi-align@ts3.6 No matching version found for @types/ansi-align@ts3.6.
29 http fetch GET 304 https://registry.npmjs.org/@types%2fbytes 254ms (from cache)
30 http fetch GET 304 https://registry.npmjs.org/@types%2fcaseless 254ms (from cache)
31 http fetch GET 304 https://registry.npmjs.org/@types%2fchownr 255ms (from cache)
32 http fetch GET 304 https://registry.npmjs.org/@types%2fcolor-name 257ms (from cache)
33 http fetch GET 304 https://registry.npmjs.org/@types%2fcolor-convert 259ms (from cache)
34 http fetch GET 304 https://registry.npmjs.org/@types%2fcombined-stream 258ms (from cache)
35 silly pacote tag manifest for @types/bytes@ts3.6 fetched in 267ms
36 silly pacote tag manifest for @types/caseless@ts3.6 fetched in 268ms
37 silly pacote tag manifest for @types/chownr@ts3.6 fetched in 268ms
38 http fetch GET 304 https://registry.npmjs.org/@types%2fconcat-map 257ms (from cache)
39 silly pacote tag manifest for @types/color-convert@ts3.6 fetched in 272ms
40 silly pacote tag manifest for @types/combined-stream@ts3.6 fetched in 271ms
41 silly pacote tag manifest for @types/color-name@ts3.6 fetched in 273ms
42 http fetch GET 304 https://registry.npmjs.org/@types%2fconfigstore 236ms (from cache)
43 silly pacote tag manifest for @types/concat-map@ts3.6 fetched in 305ms
44 silly pacote tag manifest for @types/configstore@ts3.6 fetched in 291ms
45 http fetch GET 304 https://registry.npmjs.org/@types%2fcookie 202ms (from cache)
46 http fetch GET 304 https://registry.npmjs.org/@types%2fcontent-type 208ms (from cache)
47 silly pacote tag manifest for @types/cookie@ts3.6 fetched in 212ms
48 silly pacote tag manifest for @types/content-type@ts3.6 fetched in 218ms
49 http fetch GET 304 https://registry.npmjs.org/@types%2fdashdash 221ms (from cache)
50 http fetch GET 304 https://registry.npmjs.org/@types%2fcookie-signature 230ms (from cache)
51 http fetch GET 304 https://registry.npmjs.org/@types%2fdebug 223ms (from cache)
52 http fetch GET 304 https://registry.npmjs.org/@types%2fdeep-extend 181ms (from cache)
53 silly pacote tag manifest for @types/dashdash@ts3.6 fetched in 237ms
54 silly pacote tag manifest for @types/cookie-signature@ts3.6 fetched in 245ms
55 silly pacote tag manifest for @types/debug@ts3.6 fetched in 238ms
56 http fetch GET 304 https://registry.npmjs.org/@types%2fdelegates 183ms (from cache)
57 silly registry:manifest no matching version for @types/delegates@ts3.6 in the cache. Forcing revalidation.
58 silly pacote tag manifest for @types/deep-extend@ts3.6 fetched in 205ms
59 http fetch GET 304 https://registry.npmjs.org/@types%2fdepd 151ms (from cache)
60 silly pacote tag manifest for @types/depd@ts3.6 fetched in 157ms
61 http fetch GET 304 https://registry.npmjs.org/@types%2fduplexer3 141ms (from cache)
62 http fetch GET 200 https://registry.npmjs.org/@types%2fdelegates 140ms
63 silly fetchPackageMetaData error for @types/delegates@ts3.6 No matching version found for @types/delegates@ts3.6.
64 silly pacote tag manifest for @types/duplexer3@ts3.6 fetched in 154ms
65 http fetch GET 304 https://registry.npmjs.org/@types%2fdetect-libc 160ms (from cache)
66 http fetch GET 304 https://registry.npmjs.org/@types%2fee-first 181ms (from cache)
67 silly pacote tag manifest for @types/detect-libc@ts3.6 fetched in 186ms
68 silly pacote tag manifest for @types/ee-first@ts3.6 fetched in 188ms
69 http fetch GET 304 https://registry.npmjs.org/@types%2fescape-html 85ms (from cache)
70 silly pacote tag manifest for @types/escape-html@ts3.6 fetched in 90ms
71 http fetch GET 304 https://registry.npmjs.org/@types%2fextend 92ms (from cache)
72 silly pacote tag manifest for @types/extend@ts3.6 fetched in 96ms
73 http fetch GET 304 https://registry.npmjs.org/@types%2fextsprintf 136ms (from cache)
74 http fetch GET 304 https://registry.npmjs.org/@types%2fend-of-stream 207ms (from cache)
75 silly pacote tag manifest for @types/extsprintf@ts3.6 fetched in 142ms
76 silly pacote tag manifest for @types/end-of-stream@ts3.6 fetched in 211ms
77 http fetch GET 304 https://registry.npmjs.org/@types%2ffinalhandler 80ms (from cache)
78 silly pacote tag manifest for @types/finalhandler@ts3.6 fetched in 83ms
79 http fetch GET 304 https://registry.npmjs.org/@types%2fforever-agent 127ms (from cache)
80 silly pacote tag manifest for @types/forever-agent@ts3.6 fetched in 132ms
81 http fetch GET 304 https://registry.npmjs.org/@types%2ffresh 110ms (from cache)
82 http fetch GET 304 https://registry.npmjs.org/@types%2fforwarded 145ms (from cache)
83 silly pacote tag manifest for @types/fresh@ts3.6 fetched in 115ms
84 silly pacote tag manifest for @types/forwarded@ts3.6 fetched in 152ms
85 http fetch GET 304 https://registry.npmjs.org/@types%2ffs-minipass 128ms (from cache)
86 silly registry:manifest no matching version for @types/fs-minipass@ts3.6 in the cache. Forcing revalidation.
87 http fetch GET 304 https://registry.npmjs.org/@types%2fgauge 113ms (from cache)
88 silly registry:manifest no matching version for @types/gauge@ts3.6 in the cache. Forcing revalidation.
89 http fetch GET 304 https://registry.npmjs.org/@types%2fgetpass 109ms (from cache)
90 silly pacote tag manifest for @types/getpass@ts3.6 fetched in 120ms
91 http fetch GET 200 https://registry.npmjs.org/@types%2fgauge 64ms
92 silly fetchPackageMetaData error for @types/gauge@ts3.6 No matching version found for @types/gauge@ts3.6.
93 http fetch GET 304 https://registry.npmjs.org/@types%2fglob-parent 119ms (from cache)
94 silly pacote tag manifest for @types/glob-parent@ts3.6 fetched in 121ms
95 http fetch GET 304 https://registry.npmjs.org/@types%2fgraceful-fs 85ms (from cache)
96 silly pacote tag manifest for @types/graceful-fs@ts3.6 fetched in 88ms
97 http fetch GET 304 https://registry.npmjs.org/@types%2fhttp-cache-semantics 62ms (from cache)
98 silly pacote tag manifest for @types/http-cache-semantics@ts3.6 fetched in 64ms
99 http fetch GET 304 https://registry.npmjs.org/@types%2fhttp-errors 81ms (from cache)
100 silly pacote tag manifest for @types/http-errors@ts3.6 fetched in 83ms
101 http fetch GET 304 https://registry.npmjs.org/@types%2fignore-by-default 72ms (from cache)
102 silly registry:manifest no matching version for @types/ignore-by-default@ts3.6 in the cache. Forcing revalidation.
103 http fetch GET 304 https://registry.npmjs.org/@types%2fbraces 1467ms (from cache)
104 silly pacote tag manifest for @types/braces@ts3.6 fetched in 1469ms
105 http fetch GET 200 https://registry.npmjs.org/@types%2fignore-by-default 58ms
106 silly fetchPackageMetaData error for @types/ignore-by-default@ts3.6 No matching version found for @types/ignore-by-default@ts3.6.
107 http fetch GET 304 https://registry.npmjs.org/@types%2fimurmurhash 112ms (from cache)
108 silly pacote tag manifest for @types/imurmurhash@ts3.6 fetched in 115ms
109 http fetch GET 304 https://registry.npmjs.org/@types%2fetag 1031ms (from cache)
110 http fetch GET 304 https://registry.npmjs.org/@types%2fcontent-disposition 1477ms (from cache)
111 silly pacote tag manifest for @types/etag@ts3.6 fetched in 1035ms
112 silly pacote tag manifest for @types/content-disposition@ts3.6 fetched in 1483ms
113 http fetch GET 304 https://registry.npmjs.org/@types%2finflight 132ms (from cache)
114 silly registry:manifest no matching version for @types/inflight@ts3.6 in the cache. Forcing revalidation.
115 http fetch GET 304 https://registry.npmjs.org/@types%2finherits 77ms (from cache)
116 http fetch GET 304 https://registry.npmjs.org/@types%2fcore-util-is 1511ms (from cache)
117 silly pacote tag manifest for @types/inherits@ts3.6 fetched in 80ms
118 silly registry:manifest no matching version for @types/core-util-is@ts3.6 in the cache. Forcing revalidation.
119 http fetch GET 200 https://registry.npmjs.org/@types%2finflight 122ms
120 silly fetchPackageMetaData error for @types/inflight@ts3.6 No matching version found for @types/inflight@ts3.6.
121 http fetch GET 304 https://registry.npmjs.org/@types%2fis-ci 85ms (from cache)
122 silly pacote tag manifest for @types/is-ci@ts3.6 fetched in 90ms
123 http fetch GET 304 https://registry.npmjs.org/@types%2fdestroy 1429ms (from cache)
124 silly pacote tag manifest for @types/destroy@ts3.6 fetched in 1431ms
125 http fetch GET 304 https://registry.npmjs.org/@types%2fis-extglob 119ms (from cache)
126 silly registry:manifest no matching version for @types/is-extglob@ts3.6 in the cache. Forcing revalidation.
127 http fetch GET 304 https://registry.npmjs.org/@types%2fencodeurl 1478ms (from cache)
128 silly pacote tag manifest for @types/encodeurl@ts3.6 fetched in 1481ms
129 http fetch GET 200 https://registry.npmjs.org/@types%2fis-extglob 134ms
130 silly fetchPackageMetaData error for @types/is-extglob@ts3.6 No matching version found for @types/is-extglob@ts3.6.
131 http fetch GET 304 https://registry.npmjs.org/@types%2ffill-range 1489ms (from cache)
132 silly registry:manifest no matching version for @types/fill-range@ts3.6 in the cache. Forcing revalidation.
133 http fetch GET 304 https://registry.npmjs.org/@types%2fisarray 132ms (from cache)
134 silly pacote tag manifest for @types/isarray@ts3.6 fetched in 140ms
135 http fetch GET 200 https://registry.npmjs.org/@types%2ffill-range 82ms
136 silly fetchPackageMetaData error for @types/fill-range@ts3.6 No matching version found for @types/fill-range@ts3.6.
137 http fetch GET 200 https://registry.npmjs.org/@types%2fcore-util-is 545ms
138 silly fetchPackageMetaData error for @types/core-util-is@ts3.6 No matching version found for @types/core-util-is@ts3.6.
139 http fetch GET 304 https://registry.npmjs.org/@types%2fisexe 173ms (from cache)
140 silly pacote tag manifest for @types/isexe@ts3.6 fetched in 177ms
141 http fetch GET 304 https://registry.npmjs.org/@types%2fignore-walk 1004ms (from cache)
142 silly pacote tag manifest for @types/ignore-walk@ts3.6 fetched in 1006ms
143 http fetch GET 304 https://registry.npmjs.org/@types%2fjson-buffer 112ms (from cache)
144 silly pacote tag manifest for @types/json-buffer@ts3.6 fetched in 115ms
145 http fetch GET 304 https://registry.npmjs.org/@types%2fini 998ms (from cache)
146 silly pacote tag manifest for @types/ini@ts3.6 fetched in 1000ms
147 http fetch GET 200 https://registry.npmjs.org/@types%2ffs-minipass 1630ms
148 silly fetchPackageMetaData error for @types/fs-minipass@ts3.6 No matching version found for @types/fs-minipass@ts3.6.
149 http fetch GET 304 https://registry.npmjs.org/@types%2fmedia-typer 173ms (from cache)
150 silly pacote tag manifest for @types/media-typer@ts3.6 fetched in 177ms
151 http fetch GET 304 https://registry.npmjs.org/@types%2fhttp-signature 1645ms (from cache)
152 silly registry:manifest no matching version for @types/http-signature@ts3.6 in the cache. Forcing revalidation.
153 http fetch GET 304 https://registry.npmjs.org/@types%2fis-typedarray 1004ms (from cache)
154 silly pacote tag manifest for @types/is-typedarray@ts3.6 fetched in 1008ms
155 http fetch GET 304 https://registry.npmjs.org/@types%2fmerge-descriptors 126ms (from cache)
156 silly pacote tag manifest for @types/merge-descriptors@ts3.6 fetched in 129ms
157 http fetch GET 304 https://registry.npmjs.org/@types%2fmethods 53ms (from cache)
158 silly pacote tag manifest for @types/methods@ts3.6 fetched in 56ms
159 http fetch GET 304 https://registry.npmjs.org/@types%2fmime-db 89ms (from cache)
160 http fetch GET 304 https://registry.npmjs.org/@types%2fmime-types 60ms (from cache)
161 silly pacote tag manifest for @types/mime-db@ts3.6 fetched in 94ms
162 silly pacote tag manifest for @types/mime-types@ts3.6 fetched in 64ms
163 http fetch GET 304 https://registry.npmjs.org/@types%2fminimist 90ms (from cache)
164 http fetch GET 304 https://registry.npmjs.org/@types%2fjson-schema 763ms (from cache)
165 silly pacote tag manifest for @types/minimist@ts3.6 fetched in 95ms
166 silly pacote tag manifest for @types/json-schema@ts3.6 fetched in 771ms
167 http fetch GET 304 https://registry.npmjs.org/@types%2fms 123ms (from cache)
168 silly pacote tag manifest for @types/ms@ts3.6 fetched in 126ms
169 http fetch GET 304 https://registry.npmjs.org/@types%2fis-glob 1491ms (from cache)
170 silly pacote tag manifest for @types/is-glob@ts3.6 fetched in 1495ms
171 http fetch GET 304 https://registry.npmjs.org/@types%2fis-number 1483ms (from cache)
172 silly pacote tag manifest for @types/is-number@ts3.6 fetched in 1485ms
173 http fetch GET 304 https://registry.npmjs.org/@types%2fnegotiator 69ms (from cache)
174 silly pacote tag manifest for @types/negotiator@ts3.6 fetched in 71ms
175 http fetch GET 304 https://registry.npmjs.org/@types%2fisstream 1465ms (from cache)
176 silly pacote tag manifest for @types/isstream@ts3.6 fetched in 1468ms
177 http fetch GET 304 https://registry.npmjs.org/@types%2fjsbn 1473ms (from cache)
178 silly pacote tag manifest for @types/jsbn@ts3.6 fetched in 1476ms
179 http fetch GET 304 https://registry.npmjs.org/@types%2fjsprim 1443ms (from cache)
180 silly registry:manifest no matching version for @types/jsprim@ts3.6 in the cache. Forcing revalidation.
181 http fetch GET 304 https://registry.npmjs.org/@types%2fjson-stringify-safe 1654ms (from cache)
182 silly pacote tag manifest for @types/json-stringify-safe@ts3.6 fetched in 1657ms
183 http fetch GET 304 https://registry.npmjs.org/@types%2fobject-assign 57ms (from cache)
184 silly pacote tag manifest for @types/object-assign@ts3.6 fetched in 60ms
185 http fetch GET 304 https://registry.npmjs.org/@types%2fon-finished 87ms (from cache)
186 silly pacote tag manifest for @types/on-finished@ts3.6 fetched in 90ms
187 http fetch GET 304 https://registry.npmjs.org/@types%2fonce 110ms (from cache)
188 silly pacote tag manifest for @types/once@ts3.6 fetched in 114ms
189 http fetch GET 200 https://registry.npmjs.org/@types%2fhttp-signature 1626ms
190 silly fetchPackageMetaData error for @types/http-signature@ts3.6 No matching version found for @types/http-signature@ts3.6.
191 http fetch GET 304 https://registry.npmjs.org/@types%2fminizlib 1503ms (from cache)
192 silly pacote tag manifest for @types/minizlib@ts3.6 fetched in 1506ms
193 http fetch GET 304 https://registry.npmjs.org/@types%2fneedle 1518ms (from cache)
194 silly pacote tag manifest for @types/needle@ts3.6 fetched in 1528ms
195 http fetch GET 304 https://registry.npmjs.org/@types%2fnopt 1543ms (from cache)
196 http fetch GET 304 https://registry.npmjs.org/@types%2fnormalize-path 1529ms (from cache)
197 silly pacote tag manifest for @types/nopt@ts3.6 fetched in 1558ms
198 silly pacote tag manifest for @types/normalize-path@ts3.6 fetched in 1540ms
199 http fetch GET 304 https://registry.npmjs.org/@types%2fnpm-packlist 1622ms (from cache)
200 silly pacote tag manifest for @types/npm-packlist@ts3.6 fetched in 1625ms
201 http fetch GET 304 https://registry.npmjs.org/@types%2fproxy-addr 111ms (from cache)
202 silly pacote tag manifest for @types/proxy-addr@ts3.6 fetched in 114ms
203 http fetch GET 304 https://registry.npmjs.org/@types%2fpsl 82ms (from cache)
204 http fetch GET 304 https://registry.npmjs.org/@types%2fnpmlog 1459ms (from cache)
205 silly pacote tag manifest for @types/psl@ts3.6 fetched in 85ms
206 silly pacote tag manifest for @types/npmlog@ts3.6 fetched in 1463ms
207 http fetch GET 304 https://registry.npmjs.org/@types%2fnumber-is-nan 1483ms (from cache)
208 silly pacote tag manifest for @types/number-is-nan@ts3.6 fetched in 1485ms
209 http fetch GET 304 https://registry.npmjs.org/@types%2fqs 55ms (from cache)
210 silly pacote tag manifest for @types/qs@ts3.6 fetched in 59ms
211 http fetch GET 304 https://registry.npmjs.org/@types%2fpump 115ms (from cache)
212 silly pacote tag manifest for @types/pump@ts3.6 fetched in 118ms
213 http fetch GET 304 https://registry.npmjs.org/@types%2frange-parser 70ms (from cache)
214 silly pacote tag manifest for @types/range-parser@ts3.6 fetched in 72ms
215 http fetch GET 304 https://registry.npmjs.org/@types%2freadable-stream 77ms (from cache)
216 silly pacote tag manifest for @types/readable-stream@ts3.6 fetched in 80ms
217 http fetch GET 304 https://registry.npmjs.org/@types%2fregistry-auth-token 55ms (from cache)
218 silly pacote tag manifest for @types/registry-auth-token@ts3.6 fetched in 56ms
219 http fetch GET 200 https://registry.npmjs.org/@types%2fjsprim 1439ms
220 silly fetchPackageMetaData error for @types/jsprim@ts3.6 No matching version found for @types/jsprim@ts3.6.
221 http fetch GET 304 https://registry.npmjs.org/@types%2frequest 72ms (from cache)
222 silly pacote tag manifest for @types/request@ts3.6 fetched in 77ms
223 http fetch GET 304 https://registry.npmjs.org/@types%2fresponselike 68ms (from cache)
224 silly pacote tag manifest for @types/responselike@ts3.6 fetched in 71ms
225 http fetch GET 304 https://registry.npmjs.org/@types%2fsafer-buffer 66ms (from cache)
226 silly pacote tag manifest for @types/safer-buffer@ts3.6 fetched in 70ms
227 http fetch GET 304 https://registry.npmjs.org/@types%2fsemver 63ms (from cache)
228 silly pacote tag manifest for @types/semver@ts3.6 fetched in 66ms
229 http fetch GET 304 https://registry.npmjs.org/@types%2fpicomatch 994ms (from cache)
230 silly pacote tag manifest for @types/picomatch@ts3.6 fetched in 998ms
231 http fetch GET 304 https://registry.npmjs.org/@types%2fpath-is-absolute 1049ms (from cache)
232 silly pacote tag manifest for @types/path-is-absolute@ts3.6 fetched in 1052ms
233 http fetch GET 304 https://registry.npmjs.org/@types%2fserve-static 79ms (from cache)
234 silly pacote tag manifest for @types/serve-static@ts3.6 fetched in 90ms
235 http fetch GET 200 https://registry.npmjs.org/@types%2fset-blocking 68ms
236 silly fetchPackageMetaData error for @types/set-blocking@ts3.6 No matching version found for @types/set-blocking@ts3.6.
237 http fetch GET 304 https://registry.npmjs.org/@types%2fos-homedir 1591ms (from cache)
238 silly pacote tag manifest for @types/os-homedir@ts3.6 fetched in 1594ms
239 http fetch GET 304 https://registry.npmjs.org/@types%2fsignal-exit 64ms (from cache)
240 silly pacote tag manifest for @types/signal-exit@ts3.6 fetched in 66ms
241 http fetch GET 304 https://registry.npmjs.org/@types%2fosenv 1501ms (from cache)
242 silly pacote tag manifest for @types/osenv@ts3.6 fetched in 1507ms
243 http fetch GET 304 https://registry.npmjs.org/@types%2fsupports-color 107ms (from cache)
244 silly pacote tag manifest for @types/supports-color@ts3.6 fetched in 113ms
245 http fetch GET 304 https://registry.npmjs.org/@types%2fos-tmpdir 1621ms (from cache)
246 silly pacote tag manifest for @types/os-tmpdir@ts3.6 fetched in 1626ms
247 http fetch GET 304 https://registry.npmjs.org/@types%2fstatuses 159ms (from cache)
248 silly pacote tag manifest for @types/statuses@ts3.6 fetched in 166ms
249 http fetch GET 304 https://registry.npmjs.org/@types%2fparseurl 1484ms (from cache)
250 silly pacote tag manifest for @types/parseurl@ts3.6 fetched in 1486ms
251 http fetch GET 304 https://registry.npmjs.org/@types%2fpunycode 1014ms (from cache)
252 silly pacote tag manifest for @types/punycode@ts3.6 fetched in 1015ms
253 http fetch GET 304 https://registry.npmjs.org/@types%2ftouch 70ms (from cache)
254 silly pacote tag manifest for @types/touch@ts3.6 fetched in 73ms
255 http fetch GET 200 https://registry.npmjs.org/@types%2ftoidentifier 113ms
256 silly fetchPackageMetaData error for @types/toidentifier@ts3.6 No matching version found for @types/toidentifier@ts3.6.
257 http fetch GET 304 https://registry.npmjs.org/@types%2ftype-is 69ms (from cache)
258 silly pacote tag manifest for @types/type-is@ts3.6 fetched in 72ms
259 http fetch GET 304 https://registry.npmjs.org/@types%2fupdate-notifier 68ms (from cache)
260 silly pacote tag manifest for @types/update-notifier@ts3.6 fetched in 74ms
261 http fetch GET 200 https://registry.npmjs.org/@types%2ftypedarray-to-buffer 116ms
262 http fetch GET 200 https://registry.npmjs.org/@types%2furl-parse-lax 73ms
263 silly fetchPackageMetaData error for @types/typedarray-to-buffer@ts3.6 No matching version found for @types/typedarray-to-buffer@ts3.6.
264 silly fetchPackageMetaData error for @types/url-parse-lax@ts3.6 No matching version found for @types/url-parse-lax@ts3.6.
265 http fetch GET 304 https://registry.npmjs.org/@types%2futil-deprecate 54ms (from cache)
266 silly pacote tag manifest for @types/util-deprecate@ts3.6 fetched in 57ms
267 http fetch GET 304 https://registry.npmjs.org/@types%2fuuid 65ms (from cache)
268 silly pacote tag manifest for @types/uuid@ts3.6 fetched in 69ms
269 http fetch GET 304 https://registry.npmjs.org/@types%2futils-merge 102ms (from cache)
270 silly pacote tag manifest for @types/utils-merge@ts3.6 fetched in 105ms
271 http fetch GET 304 https://registry.npmjs.org/@types%2fsend 783ms (from cache)
272 silly pacote tag manifest for @types/send@ts3.6 fetched in 785ms
273 http fetch GET 304 https://registry.npmjs.org/@types%2fwhich 66ms (from cache)
274 silly pacote tag manifest for @types/which@ts3.6 fetched in 71ms
275 http fetch GET 304 https://registry.npmjs.org/@types%2fyallist 101ms (from cache)
276 silly pacote tag manifest for @types/yallist@ts3.6 fetched in 103ms
277 http fetch GET 304 https://registry.npmjs.org/@types%2fvary 359ms (from cache)
278 silly pacote tag manifest for @types/vary@ts3.6 fetched in 361ms
279 http fetch GET 304 https://registry.npmjs.org/@types%2frc 1604ms (from cache)
280 silly pacote tag manifest for @types/rc@ts3.6 fetched in 1607ms
281 http fetch GET 304 https://registry.npmjs.org/@types%2fsax 1439ms (from cache)
282 silly pacote tag manifest for @types/sax@ts3.6 fetched in 1442ms
283 http fetch GET 200 https://registry.npmjs.org/@types%2fto-regex-range 1008ms
284 silly fetchPackageMetaData error for @types/to-regex-range@ts3.6 No matching version found for @types/to-regex-range@ts3.6.
285 http fetch GET 304 https://registry.npmjs.org/@types%2fsshpk 1494ms (from cache)
286 silly pacote tag manifest for @types/sshpk@ts3.6 fetched in 1499ms
287 http fetch GET 304 https://registry.npmjs.org/@types%2ftar 1492ms (from cache)
288 silly pacote tag manifest for @types/tar@ts3.6 fetched in 1495ms
289 http fetch GET 304 https://registry.npmjs.org/@types%2ftough-cookie 1451ms (from cache)
290 silly pacote tag manifest for @types/tough-cookie@ts3.6 fetched in 1453ms
291 http fetch GET 304 https://registry.npmjs.org/@types%2fverror 1470ms (from cache)
292 silly pacote tag manifest for @types/verror@ts3.6 fetched in 1474ms
293 http fetch GET 304 https://registry.npmjs.org/@types%2fwrite-file-atomic 1464ms (from cache)
294 silly pacote tag manifest for @types/write-file-atomic@ts3.6 fetched in 1467ms
295 timing stage:rollbackFailedOptional Completed in 2ms
296 timing stage:runTopLevelLifecycles Completed in 8865ms
297 verbose type tag
298 verbose stack @types/ansi-align: No matching version found for @types/ansi-align@ts3.6.
298 verbose stack     at pickManifest (/usr/local/lib/node_modules/npm/node_modules/npm-pick-manifest/index.js:122:13)
298 verbose stack     at /usr/local/lib/node_modules/npm/node_modules/pacote/lib/fetchers/registry/manifest.js:43:18
298 verbose stack     at tryCatcher (/usr/local/lib/node_modules/npm/node_modules/bluebird/js/release/util.js:16:23)
298 verbose stack     at Promise._settlePromiseFromHandler (/usr/local/lib/node_modules/npm/node_modules/bluebird/js/release/promise.js:517:31)
298 verbose stack     at Promise._settlePromise (/usr/local/lib/node_modules/npm/node_modules/bluebird/js/release/promise.js:574:18)
298 verbose stack     at Promise._settlePromise0 (/usr/local/lib/node_modules/npm/node_modules/bluebird/js/release/promise.js:619:10)
298 verbose stack     at Promise._settlePromises (/usr/local/lib/node_modules/npm/node_modules/bluebird/js/release/promise.js:699:18)
298 verbose stack     at _drainQueueStep (/usr/local/lib/node_modules/npm/node_modules/bluebird/js/release/async.js:138:12)
298 verbose stack     at _drainQueue (/usr/local/lib/node_modules/npm/node_modules/bluebird/js/release/async.js:131:9)
298 verbose stack     at Async._drainQueues (/usr/local/lib/node_modules/npm/node_modules/bluebird/js/release/async.js:147:5)
298 verbose stack     at Immediate.Async.drainQueues [as _onImmediate] (/usr/local/lib/node_modules/npm/node_modules/bluebird/js/release/async.js:17:14)
298 verbose stack     at processImmediate (internal/timers.js:456:21)
299 verbose cwd /home/theia/.cache/typescript/3.6
300 verbose Linux 5.15.146.1-microsoft-standard-WSL2
301 verbose argv "/usr/local/bin/node" "/usr/local/bin/npm" "install" "--ignore-scripts" "@types/abbrev@ts3.6" "@types/accepts@ts3.6" "@types/ansi-align@ts3.6" "@types/are-we-there-yet@ts3.6" "@types/asn1@ts3.6" "@types/assert-plus@ts3.6" "@types/aws4@ts3.6" "@types/balanced-match@ts3.6" "@types/body-parser@ts3.6" "@types/brace-expansion@ts3.6" "@types/braces@ts3.6" "@types/bytes@ts3.6" "@types/caseless@ts3.6" "@types/chownr@ts3.6" "@types/color-convert@ts3.6" "@types/color-name@ts3.6" "@types/combined-stream@ts3.6" "@types/concat-map@ts3.6" "@types/configstore@ts3.6" "@types/content-disposition@ts3.6" "@types/content-type@ts3.6" "@types/cookie@ts3.6" "@types/cookie-signature@ts3.6" "@types/core-util-is@ts3.6" "@types/dashdash@ts3.6" "@types/debug@ts3.6" "@types/deep-extend@ts3.6" "@types/delegates@ts3.6" "@types/depd@ts3.6" "@types/destroy@ts3.6" "@types/detect-libc@ts3.6" "@types/duplexer3@ts3.6" "@types/ee-first@ts3.6" "@types/encodeurl@ts3.6" "@types/end-of-stream@ts3.6" "@types/escape-html@ts3.6" "@types/etag@ts3.6" "@types/extend@ts3.6" "@types/extsprintf@ts3.6" "@types/fill-range@ts3.6" "@types/finalhandler@ts3.6" "@types/forever-agent@ts3.6" "@types/forwarded@ts3.6" "@types/fresh@ts3.6" "@types/fs-minipass@ts3.6" "@types/gauge@ts3.6" "@types/getpass@ts3.6" "@types/glob-parent@ts3.6" "@types/graceful-fs@ts3.6" "@types/http-cache-semantics@ts3.6" "@types/http-errors@ts3.6" "@types/http-signature@ts3.6" "@types/ignore-by-default@ts3.6" "@types/ignore-walk@ts3.6" "@types/imurmurhash@ts3.6" "@types/inflight@ts3.6" "@types/inherits@ts3.6" "@types/ini@ts3.6" "@types/is-ci@ts3.6" "@types/is-extglob@ts3.6" "@types/is-glob@ts3.6" "@types/is-number@ts3.6" "@types/is-typedarray@ts3.6" "@types/isarray@ts3.6" "@types/isexe@ts3.6" "@types/isstream@ts3.6" "@types/jsbn@ts3.6" "@types/json-buffer@ts3.6" "@types/json-schema@ts3.6" "@types/json-stringify-safe@ts3.6" "@types/jsprim@ts3.6" "@types/media-typer@ts3.6" "@types/merge-descriptors@ts3.6" "@types/methods@ts3.6" "@types/mime-db@ts3.6" "@types/mime-types@ts3.6" "@types/minimist@ts3.6" "@types/minizlib@ts3.6" "@types/ms@ts3.6" "@types/needle@ts3.6" "@types/negotiator@ts3.6" "@types/nopt@ts3.6" "@types/normalize-path@ts3.6" "@types/npm-packlist@ts3.6" "@types/npmlog@ts3.6" "@types/number-is-nan@ts3.6" "@types/object-assign@ts3.6" "@types/on-finished@ts3.6" "@types/once@ts3.6" "@types/os-homedir@ts3.6" "@types/os-tmpdir@ts3.6" "@types/osenv@ts3.6" "@types/parseurl@ts3.6" "@types/path-is-absolute@ts3.6" "@types/picomatch@ts3.6" "@types/proxy-addr@ts3.6" "@types/psl@ts3.6" "@types/pump@ts3.6" "@types/punycode@ts3.6" "@types/qs@ts3.6" "@types/range-parser@ts3.6" "@types/rc@ts3.6" "@types/readable-stream@ts3.6" "@types/registry-auth-token@ts3.6" "@types/request@ts3.6" "@types/responselike@ts3.6" "@types/safer-buffer@ts3.6" "@types/sax@ts3.6" "@types/semver@ts3.6" "@types/send@ts3.6" "@types/serve-static@ts3.6" "@types/set-blocking@ts3.6" "@types/signal-exit@ts3.6" "@types/sshpk@ts3.6" "@types/statuses@ts3.6" "@types/supports-color@ts3.6" "@types/tar@ts3.6" "@types/to-regex-range@ts3.6" "@types/toidentifier@ts3.6" "@types/touch@ts3.6" "@types/tough-cookie@ts3.6" "@types/type-is@ts3.6" "@types/typedarray-to-buffer@ts3.6" "@types/update-notifier@ts3.6" "@types/url-parse-lax@ts3.6" "@types/util-deprecate@ts3.6" "@types/utils-merge@ts3.6" "@types/uuid@ts3.6" "@types/vary@ts3.6" "@types/verror@ts3.6" "@types/which@ts3.6" "@types/write-file-atomic@ts3.6" "@types/yallist@ts3.6" "--save-dev" "--user-agent=typesInstaller/3.6.3"
302 verbose node v12.18.3
303 verbose npm  v6.14.6
304 error code ETARGET
305 error notarget No matching version found for @types/ansi-align@ts3.6.
306 error notarget In most cases you or one of your dependencies are requesting
306 error notarget a package version that doesn't exist.
307 verbose exit [ 1, true ]
