0 info it worked if it ends with ok
1 verbose cli [
1 verbose cli   '/usr/local/bin/node',
1 verbose cli   '/usr/local/bin/npm',
1 verbose cli   'install',
1 verbose cli   '--ignore-scripts',
1 verbose cli   '@types/abbrev@ts3.6',
1 verbose cli   '@types/accepts@ts3.6',
1 verbose cli   '@types/ansi-align@ts3.6',
1 verbose cli   '@types/are-we-there-yet@ts3.6',
1 verbose cli   '@types/asn1@ts3.6',
1 verbose cli   '@types/assert-plus@ts3.6',
1 verbose cli   '@types/aws4@ts3.6',
1 verbose cli   '@types/balanced-match@ts3.6',
1 verbose cli   '@types/body-parser@ts3.6',
1 verbose cli   '@types/brace-expansion@ts3.6',
1 verbose cli   '@types/braces@ts3.6',
1 verbose cli   '@types/bytes@ts3.6',
1 verbose cli   '@types/caseless@ts3.6',
1 verbose cli   '@types/chownr@ts3.6',
1 verbose cli   '@types/color-convert@ts3.6',
1 verbose cli   '@types/color-name@ts3.6',
1 verbose cli   '@types/combined-stream@ts3.6',
1 verbose cli   '@types/concat-map@ts3.6',
1 verbose cli   '@types/configstore@ts3.6',
1 verbose cli   '@types/content-disposition@ts3.6',
1 verbose cli   '@types/content-type@ts3.6',
1 verbose cli   '@types/cookie@ts3.6',
1 verbose cli   '@types/cookie-signature@ts3.6',
1 verbose cli   '@types/core-util-is@ts3.6',
1 verbose cli   '@types/dashdash@ts3.6',
1 verbose cli   '@types/debug@ts3.6',
1 verbose cli   '@types/deep-extend@ts3.6',
1 verbose cli   '@types/delegates@ts3.6',
1 verbose cli   '@types/depd@ts3.6',
1 verbose cli   '@types/destroy@ts3.6',
1 verbose cli   '@types/detect-libc@ts3.6',
1 verbose cli   '@types/duplexer3@ts3.6',
1 verbose cli   '@types/ee-first@ts3.6',
1 verbose cli   '@types/encodeurl@ts3.6',
1 verbose cli   '@types/end-of-stream@ts3.6',
1 verbose cli   '@types/escape-html@ts3.6',
1 verbose cli   '@types/etag@ts3.6',
1 verbose cli   '@types/extend@ts3.6',
1 verbose cli   '@types/extsprintf@ts3.6',
1 verbose cli   '@types/fill-range@ts3.6',
1 verbose cli   '@types/finalhandler@ts3.6',
1 verbose cli   '@types/forever-agent@ts3.6',
1 verbose cli   '@types/forwarded@ts3.6',
1 verbose cli   '@types/fresh@ts3.6',
1 verbose cli   '@types/fs-minipass@ts3.6',
1 verbose cli   '@types/gauge@ts3.6',
1 verbose cli   '@types/getpass@ts3.6',
1 verbose cli   '@types/glob-parent@ts3.6',
1 verbose cli   '@types/graceful-fs@ts3.6',
1 verbose cli   '@types/http-cache-semantics@ts3.6',
1 verbose cli   '@types/http-errors@ts3.6',
1 verbose cli   '@types/http-signature@ts3.6',
1 verbose cli   '@types/ignore-by-default@ts3.6',
1 verbose cli   '@types/ignore-walk@ts3.6',
1 verbose cli   '@types/imurmurhash@ts3.6',
1 verbose cli   '@types/inflight@ts3.6',
1 verbose cli   '@types/inherits@ts3.6',
1 verbose cli   '@types/ini@ts3.6',
1 verbose cli   '@types/is-ci@ts3.6',
1 verbose cli   '@types/is-extglob@ts3.6',
1 verbose cli   '@types/is-glob@ts3.6',
1 verbose cli   '@types/is-number@ts3.6',
1 verbose cli   '@types/is-typedarray@ts3.6',
1 verbose cli   '@types/isarray@ts3.6',
1 verbose cli   '@types/isexe@ts3.6',
1 verbose cli   '@types/isstream@ts3.6',
1 verbose cli   '@types/jsbn@ts3.6',
1 verbose cli   '@types/json-buffer@ts3.6',
1 verbose cli   '@types/json-schema@ts3.6',
1 verbose cli   '@types/json-stringify-safe@ts3.6',
1 verbose cli   '@types/jsprim@ts3.6',
1 verbose cli   '@types/media-typer@ts3.6',
1 verbose cli   '@types/merge-descriptors@ts3.6',
1 verbose cli   '@types/methods@ts3.6',
1 verbose cli   '@types/mime-db@ts3.6',
1 verbose cli   '@types/mime-types@ts3.6',
1 verbose cli   '@types/minimist@ts3.6',
1 verbose cli   '@types/minizlib@ts3.6',
1 verbose cli   '@types/ms@ts3.6',
1 verbose cli   '@types/needle@ts3.6',
1 verbose cli   '@types/negotiator@ts3.6',
1 verbose cli   '@types/nopt@ts3.6',
1 verbose cli   '@types/normalize-path@ts3.6',
1 verbose cli   '@types/npm-packlist@ts3.6',
1 verbose cli   '@types/npmlog@ts3.6',
1 verbose cli   '@types/number-is-nan@ts3.6',
1 verbose cli   '@types/object-assign@ts3.6',
1 verbose cli   '@types/on-finished@ts3.6',
1 verbose cli   '@types/once@ts3.6',
1 verbose cli   '@types/os-homedir@ts3.6',
1 verbose cli   '@types/os-tmpdir@ts3.6',
1 verbose cli   '@types/osenv@ts3.6',
1 verbose cli   '@types/parseurl@ts3.6',
1 verbose cli   '@types/path-is-absolute@ts3.6',
1 verbose cli   '@types/picomatch@ts3.6',
1 verbose cli   '@types/proxy-addr@ts3.6',
1 verbose cli   ... 39 more items
1 verbose cli ]
2 info using npm@6.14.6
3 info using node@v12.18.3
4 verbose npm-session 99a0c2d8b7c08e7f
5 silly install loadCurrentTree
6 silly install readLocalPackageData
7 http fetch GET 304 https://registry.npmjs.org/@types%2faws4 527ms (from cache)
8 http fetch GET 304 https://registry.npmjs.org/@types%2fbalanced-match 533ms (from cache)
9 http fetch GET 304 https://registry.npmjs.org/@types%2fbrace-expansion 525ms (from cache)
10 http fetch GET 304 https://registry.npmjs.org/@types%2faccepts 553ms (from cache)
11 http fetch GET 304 https://registry.npmjs.org/@types%2fbody-parser 535ms (from cache)
12 silly pacote tag manifest for @types/aws4@ts3.6 fetched in 543ms
13 http fetch GET 304 https://registry.npmjs.org/@types%2fabbrev 571ms (from cache)
14 silly pacote tag manifest for @types/balanced-match@ts3.6 fetched in 553ms
15 silly pacote tag manifest for @types/brace-expansion@ts3.6 fetched in 546ms
16 http fetch GET 304 https://registry.npmjs.org/@types%2fassert-plus 571ms (from cache)
17 silly pacote tag manifest for @types/accepts@ts3.6 fetched in 592ms
18 silly pacote tag manifest for @types/body-parser@ts3.6 fetched in 574ms
19 silly pacote tag manifest for @types/abbrev@ts3.6 fetched in 616ms
20 silly pacote tag manifest for @types/assert-plus@ts3.6 fetched in 627ms
21 http fetch GET 304 https://registry.npmjs.org/@types%2fbraces 208ms (from cache)
22 http fetch GET 304 https://registry.npmjs.org/@types%2fcolor-convert 177ms (from cache)
23 http fetch GET 304 https://registry.npmjs.org/@types%2fchownr 179ms (from cache)
24 http fetch GET 304 https://registry.npmjs.org/@types%2fbytes 201ms (from cache)
25 http fetch GET 304 https://registry.npmjs.org/@types%2fcaseless 199ms (from cache)
26 silly pacote tag manifest for @types/braces@ts3.6 fetched in 220ms
27 http fetch GET 304 https://registry.npmjs.org/@types%2fcolor-name 178ms (from cache)
28 silly pacote tag manifest for @types/chownr@ts3.6 fetched in 190ms
29 silly pacote tag manifest for @types/color-convert@ts3.6 fetched in 190ms
30 silly pacote tag manifest for @types/bytes@ts3.6 fetched in 214ms
31 http fetch GET 304 https://registry.npmjs.org/@types%2fcombined-stream 145ms (from cache)
32 silly pacote tag manifest for @types/caseless@ts3.6 fetched in 217ms
33 silly pacote tag manifest for @types/color-name@ts3.6 fetched in 196ms
34 silly pacote tag manifest for @types/combined-stream@ts3.6 fetched in 178ms
35 http fetch GET 304 https://registry.npmjs.org/@types%2fconcat-map 85ms (from cache)
36 silly pacote tag manifest for @types/concat-map@ts3.6 fetched in 90ms
37 http fetch GET 304 https://registry.npmjs.org/@types%2fcontent-type 402ms (from cache)
38 silly pacote tag manifest for @types/content-type@ts3.6 fetched in 406ms
39 http fetch GET 200 https://registry.npmjs.org/@types%2fcore-util-is 373ms
40 silly fetchPackageMetaData error for @types/core-util-is@ts3.6 No matching version found for @types/core-util-is@ts3.6.
41 http fetch GET 304 https://registry.npmjs.org/@types%2fcookie-signature 404ms (from cache)
42 http fetch GET 304 https://registry.npmjs.org/@types%2fcookie 414ms (from cache)
43 http fetch GET 304 https://registry.npmjs.org/@types%2fcontent-disposition 428ms (from cache)
44 silly pacote tag manifest for @types/cookie-signature@ts3.6 fetched in 424ms
45 silly pacote tag manifest for @types/cookie@ts3.6 fetched in 433ms
46 silly pacote tag manifest for @types/content-disposition@ts3.6 fetched in 452ms
47 http fetch GET 304 https://registry.npmjs.org/@types%2fdebug 116ms (from cache)
48 silly pacote tag manifest for @types/debug@ts3.6 fetched in 119ms
49 http fetch GET 200 https://registry.npmjs.org/@types%2fdelegates 139ms
50 silly fetchPackageMetaData error for @types/delegates@ts3.6 No matching version found for @types/delegates@ts3.6.
51 http fetch GET 304 https://registry.npmjs.org/@types%2fdepd 154ms (from cache)
52 http fetch GET 304 https://registry.npmjs.org/@types%2fdestroy 154ms (from cache)
53 silly pacote tag manifest for @types/depd@ts3.6 fetched in 165ms
54 silly pacote tag manifest for @types/destroy@ts3.6 fetched in 160ms
55 http fetch GET 304 https://registry.npmjs.org/@types%2fare-we-there-yet 1423ms (from cache)
56 silly pacote tag manifest for @types/are-we-there-yet@ts3.6 fetched in 1429ms
57 http fetch GET 304 https://registry.npmjs.org/@types%2fdetect-libc 137ms (from cache)
58 silly pacote tag manifest for @types/detect-libc@ts3.6 fetched in 145ms
59 http fetch GET 304 https://registry.npmjs.org/@types%2fee-first 109ms (from cache)
60 silly pacote tag manifest for @types/ee-first@ts3.6 fetched in 112ms
61 http fetch GET 304 https://registry.npmjs.org/@types%2fencodeurl 111ms (from cache)
62 silly pacote tag manifest for @types/encodeurl@ts3.6 fetched in 123ms
63 http fetch GET 304 https://registry.npmjs.org/@types%2fend-of-stream 96ms (from cache)
64 silly pacote tag manifest for @types/end-of-stream@ts3.6 fetched in 107ms
65 http fetch GET 304 https://registry.npmjs.org/@types%2fescape-html 101ms (from cache)
66 silly pacote tag manifest for @types/escape-html@ts3.6 fetched in 104ms
67 http fetch GET 304 https://registry.npmjs.org/@types%2fetag 79ms (from cache)
68 silly pacote tag manifest for @types/etag@ts3.6 fetched in 82ms
69 http fetch GET 200 https://registry.npmjs.org/@types%2ffill-range 68ms
70 silly fetchPackageMetaData error for @types/fill-range@ts3.6 No matching version found for @types/fill-range@ts3.6.
71 http fetch GET 304 https://registry.npmjs.org/@types%2ffinalhandler 70ms (from cache)
72 silly pacote tag manifest for @types/finalhandler@ts3.6 fetched in 73ms
73 http fetch GET 304 https://registry.npmjs.org/@types%2fforwarded 58ms (from cache)
74 silly pacote tag manifest for @types/forwarded@ts3.6 fetched in 62ms
75 http fetch GET 200 https://registry.npmjs.org/@types%2fansi-align 1770ms
76 silly fetchPackageMetaData error for @types/ansi-align@ts3.6 No matching version found for @types/ansi-align@ts3.6.
77 http fetch GET 304 https://registry.npmjs.org/@types%2ffresh 70ms (from cache)
78 silly pacote tag manifest for @types/fresh@ts3.6 fetched in 73ms
79 http fetch GET 304 https://registry.npmjs.org/@types%2fconfigstore 1057ms (from cache)
80 silly pacote tag manifest for @types/configstore@ts3.6 fetched in 1060ms
81 http fetch GET 200 https://registry.npmjs.org/@types%2ffs-minipass 97ms
82 silly fetchPackageMetaData error for @types/fs-minipass@ts3.6 No matching version found for @types/fs-minipass@ts3.6.
83 http fetch GET 304 https://registry.npmjs.org/@types%2fasn1 2001ms (from cache)
84 silly pacote tag manifest for @types/asn1@ts3.6 fetched in 2003ms
85 http fetch GET 304 https://registry.npmjs.org/@types%2fgraceful-fs 68ms (from cache)
86 silly pacote tag manifest for @types/graceful-fs@ts3.6 fetched in 72ms
87 http fetch GET 304 https://registry.npmjs.org/@types%2fhttp-cache-semantics 69ms (from cache)
88 silly pacote tag manifest for @types/http-cache-semantics@ts3.6 fetched in 72ms
89 http fetch GET 304 https://registry.npmjs.org/@types%2fhttp-errors 71ms (from cache)
90 silly pacote tag manifest for @types/http-errors@ts3.6 fetched in 74ms
91 http fetch GET 304 https://registry.npmjs.org/@types%2fdashdash 1665ms (from cache)
92 silly pacote tag manifest for @types/dashdash@ts3.6 fetched in 1669ms
93 http fetch GET 304 https://registry.npmjs.org/@types%2fglob-parent 761ms (from cache)
94 silly pacote tag manifest for @types/glob-parent@ts3.6 fetched in 763ms
95 http fetch GET 304 https://registry.npmjs.org/@types%2fduplexer3 1444ms (from cache)
96 silly pacote tag manifest for @types/duplexer3@ts3.6 fetched in 1446ms
97 http fetch GET 304 https://registry.npmjs.org/@types%2fdeep-extend 1664ms (from cache)
98 silly pacote tag manifest for @types/deep-extend@ts3.6 fetched in 1668ms
99 http fetch GET 304 https://registry.npmjs.org/@types%2fimurmurhash 79ms (from cache)
100 silly pacote tag manifest for @types/imurmurhash@ts3.6 fetched in 81ms
101 http fetch GET 200 https://registry.npmjs.org/@types%2finflight 56ms
102 silly fetchPackageMetaData error for @types/inflight@ts3.6 No matching version found for @types/inflight@ts3.6.
103 http fetch GET 304 https://registry.npmjs.org/@types%2finherits 60ms (from cache)
104 silly pacote tag manifest for @types/inherits@ts3.6 fetched in 64ms
105 http fetch GET 304 https://registry.npmjs.org/@types%2fini 92ms (from cache)
106 silly pacote tag manifest for @types/ini@ts3.6 fetched in 104ms
107 http fetch GET 304 https://registry.npmjs.org/@types%2fforever-agent 1401ms (from cache)
108 silly pacote tag manifest for @types/forever-agent@ts3.6 fetched in 1412ms
109 http fetch GET 304 https://registry.npmjs.org/@types%2fextsprintf 1517ms (from cache)
110 silly pacote tag manifest for @types/extsprintf@ts3.6 fetched in 1520ms
111 http fetch GET 304 https://registry.npmjs.org/@types%2fis-ci 101ms (from cache)
112 silly pacote tag manifest for @types/is-ci@ts3.6 fetched in 109ms
113 http fetch GET 200 https://registry.npmjs.org/@types%2fgauge 1621ms
114 silly fetchPackageMetaData error for @types/gauge@ts3.6 No matching version found for @types/gauge@ts3.6.
115 http fetch GET 304 https://registry.npmjs.org/@types%2fis-number 373ms (from cache)
116 http fetch GET 304 https://registry.npmjs.org/@types%2fis-typedarray 366ms (from cache)
117 http fetch GET 304 https://registry.npmjs.org/@types%2fgetpass 1596ms (from cache)
118 http fetch GET 304 https://registry.npmjs.org/@types%2fextend 1921ms (from cache)
119 silly pacote tag manifest for @types/is-number@ts3.6 fetched in 385ms
120 silly pacote tag manifest for @types/is-typedarray@ts3.6 fetched in 378ms
121 silly pacote tag manifest for @types/getpass@ts3.6 fetched in 1608ms
122 silly pacote tag manifest for @types/extend@ts3.6 fetched in 1931ms
123 http fetch GET 304 https://registry.npmjs.org/@types%2fisarray 66ms (from cache)
124 silly pacote tag manifest for @types/isarray@ts3.6 fetched in 70ms
125 http fetch GET 304 https://registry.npmjs.org/@types%2fjson-buffer 311ms (from cache)
126 http fetch GET 304 https://registry.npmjs.org/@types%2fisexe 320ms (from cache)
127 silly pacote tag manifest for @types/json-buffer@ts3.6 fetched in 314ms
128 silly pacote tag manifest for @types/isexe@ts3.6 fetched in 324ms
129 http fetch GET 304 https://registry.npmjs.org/@types%2fjson-schema 317ms (from cache)
130 silly pacote tag manifest for @types/json-schema@ts3.6 fetched in 320ms
131 http fetch GET 200 https://registry.npmjs.org/@types%2fhttp-signature 1831ms
132 silly fetchPackageMetaData error for @types/http-signature@ts3.6 No matching version found for @types/http-signature@ts3.6.
133 http fetch GET 200 https://registry.npmjs.org/@types%2fis-extglob 1035ms
134 silly fetchPackageMetaData error for @types/is-extglob@ts3.6 No matching version found for @types/is-extglob@ts3.6.
135 http fetch GET 304 https://registry.npmjs.org/@types%2fjson-stringify-safe 319ms (from cache)
136 silly pacote tag manifest for @types/json-stringify-safe@ts3.6 fetched in 326ms
137 http fetch GET 304 https://registry.npmjs.org/@types%2fmedia-typer 326ms (from cache)
138 http fetch GET 200 https://registry.npmjs.org/@types%2fignore-by-default 1607ms
139 silly pacote tag manifest for @types/media-typer@ts3.6 fetched in 331ms
140 silly fetchPackageMetaData error for @types/ignore-by-default@ts3.6 No matching version found for @types/ignore-by-default@ts3.6.
141 http fetch GET 304 https://registry.npmjs.org/@types%2fignore-walk 1527ms (from cache)
142 silly pacote tag manifest for @types/ignore-walk@ts3.6 fetched in 1530ms
143 http fetch GET 304 https://registry.npmjs.org/@types%2fmerge-descriptors 106ms (from cache)
144 silly pacote tag manifest for @types/merge-descriptors@ts3.6 fetched in 113ms
145 http fetch GET 304 https://registry.npmjs.org/@types%2fmethods 321ms (from cache)
146 http fetch GET 304 https://registry.npmjs.org/@types%2fmime-db 299ms (from cache)
147 silly pacote tag manifest for @types/methods@ts3.6 fetched in 325ms
148 silly pacote tag manifest for @types/mime-db@ts3.6 fetched in 304ms
149 http fetch GET 304 https://registry.npmjs.org/@types%2fmime-types 282ms (from cache)
150 silly pacote tag manifest for @types/mime-types@ts3.6 fetched in 284ms
151 http fetch GET 304 https://registry.npmjs.org/@types%2fisstream 1247ms (from cache)
152 http fetch GET 304 https://registry.npmjs.org/@types%2fminimist 550ms (from cache)
153 http fetch GET 304 https://registry.npmjs.org/@types%2fminizlib 535ms (from cache)
154 silly pacote tag manifest for @types/isstream@ts3.6 fetched in 1268ms
155 silly pacote tag manifest for @types/minimist@ts3.6 fetched in 571ms
156 silly pacote tag manifest for @types/minizlib@ts3.6 fetched in 556ms
157 http fetch GET 304 https://registry.npmjs.org/@types%2fis-glob 1709ms (from cache)
158 silly pacote tag manifest for @types/is-glob@ts3.6 fetched in 1712ms
159 http fetch GET 304 https://registry.npmjs.org/@types%2fnegotiator 370ms (from cache)
160 silly pacote tag manifest for @types/negotiator@ts3.6 fetched in 373ms
161 http fetch GET 304 https://registry.npmjs.org/@types%2fnormalize-path 325ms (from cache)
162 http fetch GET 304 https://registry.npmjs.org/@types%2fjsbn 1594ms (from cache)
163 silly pacote tag manifest for @types/normalize-path@ts3.6 fetched in 331ms
164 silly pacote tag manifest for @types/jsbn@ts3.6 fetched in 1601ms
165 http fetch GET 304 https://registry.npmjs.org/@types%2fobject-assign 299ms (from cache)
166 silly pacote tag manifest for @types/object-assign@ts3.6 fetched in 303ms
167 http fetch GET 200 https://registry.npmjs.org/@types%2fjsprim 1508ms
168 silly fetchPackageMetaData error for @types/jsprim@ts3.6 No matching version found for @types/jsprim@ts3.6.
169 http fetch GET 304 https://registry.npmjs.org/@types%2fms 1110ms (from cache)
170 silly pacote tag manifest for @types/ms@ts3.6 fetched in 1114ms
171 http fetch GET 304 https://registry.npmjs.org/@types%2fonce 274ms (from cache)
172 http fetch GET 304 https://registry.npmjs.org/@types%2fon-finished 278ms (from cache)
173 silly pacote tag manifest for @types/once@ts3.6 fetched in 277ms
174 silly pacote tag manifest for @types/on-finished@ts3.6 fetched in 283ms
175 http fetch GET 304 https://registry.npmjs.org/@types%2fpath-is-absolute 191ms (from cache)
176 http fetch GET 304 https://registry.npmjs.org/@types%2fparseurl 196ms (from cache)
177 silly pacote tag manifest for @types/path-is-absolute@ts3.6 fetched in 196ms
178 silly pacote tag manifest for @types/parseurl@ts3.6 fetched in 201ms
179 http fetch GET 304 https://registry.npmjs.org/@types%2fpicomatch 75ms (from cache)
180 http fetch GET 304 https://registry.npmjs.org/@types%2fproxy-addr 74ms (from cache)
181 silly pacote tag manifest for @types/picomatch@ts3.6 fetched in 79ms
182 silly pacote tag manifest for @types/proxy-addr@ts3.6 fetched in 80ms
183 http fetch GET 304 https://registry.npmjs.org/@types%2fpump 277ms (from cache)
184 silly pacote tag manifest for @types/pump@ts3.6 fetched in 279ms
185 http fetch GET 304 https://registry.npmjs.org/@types%2fpunycode 70ms (from cache)
186 silly pacote tag manifest for @types/punycode@ts3.6 fetched in 73ms
187 http fetch GET 304 https://registry.npmjs.org/@types%2fneedle 1821ms (from cache)
188 http fetch GET 304 https://registry.npmjs.org/@types%2fnopt 1792ms (from cache)
189 http fetch GET 304 https://registry.npmjs.org/@types%2fpsl 615ms (from cache)
190 silly pacote tag manifest for @types/needle@ts3.6 fetched in 1832ms
191 silly pacote tag manifest for @types/nopt@ts3.6 fetched in 1800ms
192 silly pacote tag manifest for @types/psl@ts3.6 fetched in 626ms
193 http fetch GET 304 https://registry.npmjs.org/@types%2fqs 324ms (from cache)
194 silly pacote tag manifest for @types/qs@ts3.6 fetched in 327ms
195 http fetch GET 304 https://registry.npmjs.org/@types%2fnpm-packlist 1847ms (from cache)
196 http fetch GET 304 https://registry.npmjs.org/@types%2fos-tmpdir 1296ms (from cache)
197 http fetch GET 304 https://registry.npmjs.org/@types%2frange-parser 353ms (from cache)
198 silly pacote tag manifest for @types/npm-packlist@ts3.6 fetched in 1862ms
199 silly pacote tag manifest for @types/os-tmpdir@ts3.6 fetched in 1316ms
200 silly pacote tag manifest for @types/range-parser@ts3.6 fetched in 375ms
201 http fetch GET 304 https://registry.npmjs.org/@types%2freadable-stream 407ms (from cache)
202 silly pacote tag manifest for @types/readable-stream@ts3.6 fetched in 411ms
203 http fetch GET 304 https://registry.npmjs.org/@types%2fnpmlog 2119ms (from cache)
204 http fetch GET 304 https://registry.npmjs.org/@types%2fosenv 1553ms (from cache)
205 http fetch GET 304 https://registry.npmjs.org/@types%2fnumber-is-nan 2102ms (from cache)
206 silly pacote tag manifest for @types/npmlog@ts3.6 fetched in 2152ms
207 silly pacote tag manifest for @types/osenv@ts3.6 fetched in 1592ms
208 silly pacote tag manifest for @types/number-is-nan@ts3.6 fetched in 2139ms
209 http fetch GET 304 https://registry.npmjs.org/@types%2fsax 351ms (from cache)
210 http fetch GET 304 https://registry.npmjs.org/@types%2frequest 415ms (from cache)
211 http fetch GET 304 https://registry.npmjs.org/@types%2fresponselike 414ms (from cache)
212 http fetch GET 304 https://registry.npmjs.org/@types%2fsafer-buffer 410ms (from cache)
213 silly pacote tag manifest for @types/sax@ts3.6 fetched in 371ms
214 http fetch GET 304 https://registry.npmjs.org/@types%2fos-homedir 1959ms (from cache)
215 silly pacote tag manifest for @types/request@ts3.6 fetched in 449ms
216 silly pacote tag manifest for @types/responselike@ts3.6 fetched in 447ms
217 silly pacote tag manifest for @types/os-homedir@ts3.6 fetched in 1980ms
218 silly pacote tag manifest for @types/safer-buffer@ts3.6 fetched in 464ms
219 http fetch GET 304 https://registry.npmjs.org/@types%2fsupports-color 233ms (from cache)
220 http fetch GET 304 https://registry.npmjs.org/@types%2fsemver 428ms (from cache)
221 http fetch GET 304 https://registry.npmjs.org/@types%2fsignal-exit 272ms (from cache)
222 http fetch GET 304 https://registry.npmjs.org/@types%2fserve-static 407ms (from cache)
223 http fetch GET 304 https://registry.npmjs.org/@types%2fstatuses 258ms (from cache)
224 http fetch GET 304 https://registry.npmjs.org/@types%2fset-blocking 302ms (from cache)
225 silly pacote tag manifest for @types/supports-color@ts3.6 fetched in 253ms
226 silly registry:manifest no matching version for @types/set-blocking@ts3.6 in the cache. Forcing revalidation.
227 silly pacote tag manifest for @types/semver@ts3.6 fetched in 450ms
228 silly pacote tag manifest for @types/signal-exit@ts3.6 fetched in 292ms
229 silly pacote tag manifest for @types/serve-static@ts3.6 fetched in 427ms
230 silly pacote tag manifest for @types/statuses@ts3.6 fetched in 277ms
231 http fetch GET 304 https://registry.npmjs.org/@types%2fsend 549ms (from cache)
232 http fetch GET 304 https://registry.npmjs.org/@types%2frc 1206ms (from cache)
233 silly pacote tag manifest for @types/send@ts3.6 fetched in 554ms
234 silly pacote tag manifest for @types/rc@ts3.6 fetched in 1210ms
235 http fetch GET 304 https://registry.npmjs.org/@types%2ftoidentifier 162ms (from cache)
236 silly registry:manifest no matching version for @types/toidentifier@ts3.6 in the cache. Forcing revalidation.
237 http fetch GET 304 https://registry.npmjs.org/@types%2ftar 173ms (from cache)
238 http fetch GET 304 https://registry.npmjs.org/@types%2fto-regex-range 169ms (from cache)
239 silly registry:manifest no matching version for @types/to-regex-range@ts3.6 in the cache. Forcing revalidation.
240 silly pacote tag manifest for @types/tar@ts3.6 fetched in 191ms
241 http fetch GET 304 https://registry.npmjs.org/@types%2ftype-is 115ms (from cache)
242 http fetch GET 304 https://registry.npmjs.org/@types%2ftypedarray-to-buffer 115ms (from cache)
243 silly pacote tag manifest for @types/type-is@ts3.6 fetched in 119ms
244 silly registry:manifest no matching version for @types/typedarray-to-buffer@ts3.6 in the cache. Forcing revalidation.
245 http fetch GET 200 https://registry.npmjs.org/@types%2fset-blocking 326ms
246 silly fetchPackageMetaData error for @types/set-blocking@ts3.6 No matching version found for @types/set-blocking@ts3.6.
247 http fetch GET 200 https://registry.npmjs.org/@types%2ftypedarray-to-buffer 122ms
248 silly fetchPackageMetaData error for @types/typedarray-to-buffer@ts3.6 No matching version found for @types/typedarray-to-buffer@ts3.6.
249 http fetch GET 200 https://registry.npmjs.org/@types%2ftoidentifier 237ms
250 silly fetchPackageMetaData error for @types/toidentifier@ts3.6 No matching version found for @types/toidentifier@ts3.6.
251 http fetch GET 200 https://registry.npmjs.org/@types%2fto-regex-range 237ms
252 http fetch GET 304 https://registry.npmjs.org/@types%2futil-deprecate 84ms (from cache)
253 silly fetchPackageMetaData error for @types/to-regex-range@ts3.6 No matching version found for @types/to-regex-range@ts3.6.
254 silly pacote tag manifest for @types/util-deprecate@ts3.6 fetched in 102ms
255 http fetch GET 304 https://registry.npmjs.org/@types%2futils-merge 93ms (from cache)
256 silly pacote tag manifest for @types/utils-merge@ts3.6 fetched in 97ms
257 http fetch GET 304 https://registry.npmjs.org/@types%2fuuid 81ms (from cache)
258 silly pacote tag manifest for @types/uuid@ts3.6 fetched in 95ms
259 http fetch GET 304 https://registry.npmjs.org/@types%2fverror 102ms (from cache)
260 silly pacote tag manifest for @types/verror@ts3.6 fetched in 106ms
261 http fetch GET 304 https://registry.npmjs.org/@types%2fwhich 83ms (from cache)
262 silly pacote tag manifest for @types/which@ts3.6 fetched in 89ms
263 http fetch GET 304 https://registry.npmjs.org/@types%2fwrite-file-atomic 61ms (from cache)
264 silly pacote tag manifest for @types/write-file-atomic@ts3.6 fetched in 64ms
265 http fetch GET 304 https://registry.npmjs.org/@types%2fyallist 69ms (from cache)
266 silly pacote tag manifest for @types/yallist@ts3.6 fetched in 71ms
267 http fetch GET 304 https://registry.npmjs.org/@types%2fregistry-auth-token 1668ms (from cache)
268 silly pacote tag manifest for @types/registry-auth-token@ts3.6 fetched in 1670ms
269 http fetch GET 304 https://registry.npmjs.org/@types%2ftouch 1166ms (from cache)
270 silly pacote tag manifest for @types/touch@ts3.6 fetched in 1169ms
271 http fetch GET 304 https://registry.npmjs.org/@types%2fvary 871ms (from cache)
272 silly pacote tag manifest for @types/vary@ts3.6 fetched in 873ms
273 http fetch GET 304 https://registry.npmjs.org/@types%2fsshpk 1674ms (from cache)
274 silly pacote tag manifest for @types/sshpk@ts3.6 fetched in 1677ms
275 http fetch GET 304 https://registry.npmjs.org/@types%2ftough-cookie 1555ms (from cache)
276 silly pacote tag manifest for @types/tough-cookie@ts3.6 fetched in 1557ms
277 http fetch GET 304 https://registry.npmjs.org/@types%2fupdate-notifier 1641ms (from cache)
278 silly pacote tag manifest for @types/update-notifier@ts3.6 fetched in 1646ms
279 http fetch GET 304 https://registry.npmjs.org/@types%2furl-parse-lax 1614ms (from cache)
280 silly registry:manifest no matching version for @types/url-parse-lax@ts3.6 in the cache. Forcing revalidation.
281 http fetch GET 200 https://registry.npmjs.org/@types%2furl-parse-lax 1473ms
282 silly fetchPackageMetaData error for @types/url-parse-lax@ts3.6 No matching version found for @types/url-parse-lax@ts3.6.
283 timing stage:rollbackFailedOptional Completed in 1ms
284 timing stage:runTopLevelLifecycles Completed in 10788ms
285 verbose type tag
286 verbose stack @types/core-util-is: No matching version found for @types/core-util-is@ts3.6.
286 verbose stack     at pickManifest (/usr/local/lib/node_modules/npm/node_modules/npm-pick-manifest/index.js:122:13)
286 verbose stack     at /usr/local/lib/node_modules/npm/node_modules/pacote/lib/fetchers/registry/manifest.js:24:14
286 verbose stack     at tryCatcher (/usr/local/lib/node_modules/npm/node_modules/bluebird/js/release/util.js:16:23)
286 verbose stack     at Promise._settlePromiseFromHandler (/usr/local/lib/node_modules/npm/node_modules/bluebird/js/release/promise.js:517:31)
286 verbose stack     at Promise._settlePromise (/usr/local/lib/node_modules/npm/node_modules/bluebird/js/release/promise.js:574:18)
286 verbose stack     at Promise._settlePromise0 (/usr/local/lib/node_modules/npm/node_modules/bluebird/js/release/promise.js:619:10)
286 verbose stack     at Promise._settlePromises (/usr/local/lib/node_modules/npm/node_modules/bluebird/js/release/promise.js:699:18)
286 verbose stack     at _drainQueueStep (/usr/local/lib/node_modules/npm/node_modules/bluebird/js/release/async.js:138:12)
286 verbose stack     at _drainQueue (/usr/local/lib/node_modules/npm/node_modules/bluebird/js/release/async.js:131:9)
286 verbose stack     at Async._drainQueues (/usr/local/lib/node_modules/npm/node_modules/bluebird/js/release/async.js:147:5)
286 verbose stack     at Immediate.Async.drainQueues [as _onImmediate] (/usr/local/lib/node_modules/npm/node_modules/bluebird/js/release/async.js:17:14)
286 verbose stack     at processImmediate (internal/timers.js:456:21)
287 verbose cwd /home/theia/.cache/typescript/3.6
288 verbose Linux 5.15.146.1-microsoft-standard-WSL2
289 verbose argv "/usr/local/bin/node" "/usr/local/bin/npm" "install" "--ignore-scripts" "@types/abbrev@ts3.6" "@types/accepts@ts3.6" "@types/ansi-align@ts3.6" "@types/are-we-there-yet@ts3.6" "@types/asn1@ts3.6" "@types/assert-plus@ts3.6" "@types/aws4@ts3.6" "@types/balanced-match@ts3.6" "@types/body-parser@ts3.6" "@types/brace-expansion@ts3.6" "@types/braces@ts3.6" "@types/bytes@ts3.6" "@types/caseless@ts3.6" "@types/chownr@ts3.6" "@types/color-convert@ts3.6" "@types/color-name@ts3.6" "@types/combined-stream@ts3.6" "@types/concat-map@ts3.6" "@types/configstore@ts3.6" "@types/content-disposition@ts3.6" "@types/content-type@ts3.6" "@types/cookie@ts3.6" "@types/cookie-signature@ts3.6" "@types/core-util-is@ts3.6" "@types/dashdash@ts3.6" "@types/debug@ts3.6" "@types/deep-extend@ts3.6" "@types/delegates@ts3.6" "@types/depd@ts3.6" "@types/destroy@ts3.6" "@types/detect-libc@ts3.6" "@types/duplexer3@ts3.6" "@types/ee-first@ts3.6" "@types/encodeurl@ts3.6" "@types/end-of-stream@ts3.6" "@types/escape-html@ts3.6" "@types/etag@ts3.6" "@types/extend@ts3.6" "@types/extsprintf@ts3.6" "@types/fill-range@ts3.6" "@types/finalhandler@ts3.6" "@types/forever-agent@ts3.6" "@types/forwarded@ts3.6" "@types/fresh@ts3.6" "@types/fs-minipass@ts3.6" "@types/gauge@ts3.6" "@types/getpass@ts3.6" "@types/glob-parent@ts3.6" "@types/graceful-fs@ts3.6" "@types/http-cache-semantics@ts3.6" "@types/http-errors@ts3.6" "@types/http-signature@ts3.6" "@types/ignore-by-default@ts3.6" "@types/ignore-walk@ts3.6" "@types/imurmurhash@ts3.6" "@types/inflight@ts3.6" "@types/inherits@ts3.6" "@types/ini@ts3.6" "@types/is-ci@ts3.6" "@types/is-extglob@ts3.6" "@types/is-glob@ts3.6" "@types/is-number@ts3.6" "@types/is-typedarray@ts3.6" "@types/isarray@ts3.6" "@types/isexe@ts3.6" "@types/isstream@ts3.6" "@types/jsbn@ts3.6" "@types/json-buffer@ts3.6" "@types/json-schema@ts3.6" "@types/json-stringify-safe@ts3.6" "@types/jsprim@ts3.6" "@types/media-typer@ts3.6" "@types/merge-descriptors@ts3.6" "@types/methods@ts3.6" "@types/mime-db@ts3.6" "@types/mime-types@ts3.6" "@types/minimist@ts3.6" "@types/minizlib@ts3.6" "@types/ms@ts3.6" "@types/needle@ts3.6" "@types/negotiator@ts3.6" "@types/nopt@ts3.6" "@types/normalize-path@ts3.6" "@types/npm-packlist@ts3.6" "@types/npmlog@ts3.6" "@types/number-is-nan@ts3.6" "@types/object-assign@ts3.6" "@types/on-finished@ts3.6" "@types/once@ts3.6" "@types/os-homedir@ts3.6" "@types/os-tmpdir@ts3.6" "@types/osenv@ts3.6" "@types/parseurl@ts3.6" "@types/path-is-absolute@ts3.6" "@types/picomatch@ts3.6" "@types/proxy-addr@ts3.6" "@types/psl@ts3.6" "@types/pump@ts3.6" "@types/punycode@ts3.6" "@types/qs@ts3.6" "@types/range-parser@ts3.6" "@types/rc@ts3.6" "@types/readable-stream@ts3.6" "@types/registry-auth-token@ts3.6" "@types/request@ts3.6" "@types/responselike@ts3.6" "@types/safer-buffer@ts3.6" "@types/sax@ts3.6" "@types/semver@ts3.6" "@types/send@ts3.6" "@types/serve-static@ts3.6" "@types/set-blocking@ts3.6" "@types/signal-exit@ts3.6" "@types/sshpk@ts3.6" "@types/statuses@ts3.6" "@types/supports-color@ts3.6" "@types/tar@ts3.6" "@types/to-regex-range@ts3.6" "@types/toidentifier@ts3.6" "@types/touch@ts3.6" "@types/tough-cookie@ts3.6" "@types/type-is@ts3.6" "@types/typedarray-to-buffer@ts3.6" "@types/update-notifier@ts3.6" "@types/url-parse-lax@ts3.6" "@types/util-deprecate@ts3.6" "@types/utils-merge@ts3.6" "@types/uuid@ts3.6" "@types/vary@ts3.6" "@types/verror@ts3.6" "@types/which@ts3.6" "@types/write-file-atomic@ts3.6" "@types/yallist@ts3.6" "--save-dev" "--user-agent=typesInstaller/3.6.3"
290 verbose node v12.18.3
291 verbose npm  v6.14.6
292 error code ETARGET
293 error notarget No matching version found for @types/core-util-is@ts3.6.
294 error notarget In most cases you or one of your dependencies are requesting
294 error notarget a package version that doesn't exist.
295 verbose exit [ 1, true ]
