0 info it worked if it ends with ok
1 verbose cli [
1 verbose cli   '/usr/local/bin/node',
1 verbose cli   '/usr/local/bin/npm',
1 verbose cli   'install',
1 verbose cli   '--ignore-scripts',
1 verbose cli   '@types/abbrev@ts3.6',
1 verbose cli   '@types/accepts@ts3.6',
1 verbose cli   '@types/ansi-align@ts3.6',
1 verbose cli   '@types/are-we-there-yet@ts3.6',
1 verbose cli   '@types/asn1@ts3.6',
1 verbose cli   '@types/assert-plus@ts3.6',
1 verbose cli   '@types/aws4@ts3.6',
1 verbose cli   '@types/balanced-match@ts3.6',
1 verbose cli   '@types/body-parser@ts3.6',
1 verbose cli   '@types/brace-expansion@ts3.6',
1 verbose cli   '@types/braces@ts3.6',
1 verbose cli   '@types/bytes@ts3.6',
1 verbose cli   '@types/caseless@ts3.6',
1 verbose cli   '@types/chownr@ts3.6',
1 verbose cli   '@types/color-convert@ts3.6',
1 verbose cli   '@types/color-name@ts3.6',
1 verbose cli   '@types/combined-stream@ts3.6',
1 verbose cli   '@types/concat-map@ts3.6',
1 verbose cli   '@types/configstore@ts3.6',
1 verbose cli   '@types/content-disposition@ts3.6',
1 verbose cli   '@types/content-type@ts3.6',
1 verbose cli   '@types/cookie@ts3.6',
1 verbose cli   '@types/cookie-signature@ts3.6',
1 verbose cli   '@types/core-util-is@ts3.6',
1 verbose cli   '@types/dashdash@ts3.6',
1 verbose cli   '@types/debug@ts3.6',
1 verbose cli   '@types/deep-extend@ts3.6',
1 verbose cli   '@types/delegates@ts3.6',
1 verbose cli   '@types/depd@ts3.6',
1 verbose cli   '@types/destroy@ts3.6',
1 verbose cli   '@types/detect-libc@ts3.6',
1 verbose cli   '@types/duplexer3@ts3.6',
1 verbose cli   '@types/ee-first@ts3.6',
1 verbose cli   '@types/encodeurl@ts3.6',
1 verbose cli   '@types/end-of-stream@ts3.6',
1 verbose cli   '@types/escape-html@ts3.6',
1 verbose cli   '@types/etag@ts3.6',
1 verbose cli   '@types/extend@ts3.6',
1 verbose cli   '@types/extsprintf@ts3.6',
1 verbose cli   '@types/fill-range@ts3.6',
1 verbose cli   '@types/finalhandler@ts3.6',
1 verbose cli   '@types/forever-agent@ts3.6',
1 verbose cli   '@types/forwarded@ts3.6',
1 verbose cli   '@types/fresh@ts3.6',
1 verbose cli   '@types/fs-minipass@ts3.6',
1 verbose cli   '@types/gauge@ts3.6',
1 verbose cli   '@types/getpass@ts3.6',
1 verbose cli   '@types/glob-parent@ts3.6',
1 verbose cli   '@types/graceful-fs@ts3.6',
1 verbose cli   '@types/http-cache-semantics@ts3.6',
1 verbose cli   '@types/http-errors@ts3.6',
1 verbose cli   '@types/http-signature@ts3.6',
1 verbose cli   '@types/ignore-by-default@ts3.6',
1 verbose cli   '@types/ignore-walk@ts3.6',
1 verbose cli   '@types/imurmurhash@ts3.6',
1 verbose cli   '@types/inflight@ts3.6',
1 verbose cli   '@types/inherits@ts3.6',
1 verbose cli   '@types/ini@ts3.6',
1 verbose cli   '@types/is-ci@ts3.6',
1 verbose cli   '@types/is-extglob@ts3.6',
1 verbose cli   '@types/is-glob@ts3.6',
1 verbose cli   '@types/is-number@ts3.6',
1 verbose cli   '@types/is-typedarray@ts3.6',
1 verbose cli   '@types/isarray@ts3.6',
1 verbose cli   '@types/isexe@ts3.6',
1 verbose cli   '@types/isstream@ts3.6',
1 verbose cli   '@types/jsbn@ts3.6',
1 verbose cli   '@types/json-buffer@ts3.6',
1 verbose cli   '@types/json-schema@ts3.6',
1 verbose cli   '@types/json-stringify-safe@ts3.6',
1 verbose cli   '@types/jsprim@ts3.6',
1 verbose cli   '@types/media-typer@ts3.6',
1 verbose cli   '@types/merge-descriptors@ts3.6',
1 verbose cli   '@types/methods@ts3.6',
1 verbose cli   '@types/mime-db@ts3.6',
1 verbose cli   '@types/mime-types@ts3.6',
1 verbose cli   '@types/minimist@ts3.6',
1 verbose cli   '@types/minizlib@ts3.6',
1 verbose cli   '@types/ms@ts3.6',
1 verbose cli   '@types/needle@ts3.6',
1 verbose cli   '@types/negotiator@ts3.6',
1 verbose cli   '@types/nopt@ts3.6',
1 verbose cli   '@types/normalize-path@ts3.6',
1 verbose cli   '@types/npm-packlist@ts3.6',
1 verbose cli   '@types/npmlog@ts3.6',
1 verbose cli   '@types/number-is-nan@ts3.6',
1 verbose cli   '@types/object-assign@ts3.6',
1 verbose cli   '@types/on-finished@ts3.6',
1 verbose cli   '@types/once@ts3.6',
1 verbose cli   '@types/os-homedir@ts3.6',
1 verbose cli   '@types/os-tmpdir@ts3.6',
1 verbose cli   '@types/osenv@ts3.6',
1 verbose cli   '@types/parseurl@ts3.6',
1 verbose cli   '@types/path-is-absolute@ts3.6',
1 verbose cli   '@types/picomatch@ts3.6',
1 verbose cli   '@types/proxy-addr@ts3.6',
1 verbose cli   ... 39 more items
1 verbose cli ]
2 info using npm@6.14.6
3 info using node@v12.18.3
4 verbose npm-session f77ef0e69a9af9ee
5 silly install loadCurrentTree
6 silly install readLocalPackageData
7 http fetch GET 304 https://registry.npmjs.org/@types%2fbody-parser 1216ms (from cache)
8 silly pacote tag manifest for @types/body-parser@ts3.6 fetched in 1263ms
9 http fetch GET 304 https://registry.npmjs.org/@types%2fbraces 359ms (from cache)
10 silly pacote tag manifest for @types/braces@ts3.6 fetched in 374ms
11 http fetch GET 304 https://registry.npmjs.org/@types%2fbytes 383ms (from cache)
12 silly pacote tag manifest for @types/bytes@ts3.6 fetched in 411ms
13 http fetch GET 304 https://registry.npmjs.org/@types%2faccepts 2558ms (from cache)
14 http fetch GET 304 https://registry.npmjs.org/@types%2fasn1 2562ms (from cache)
15 http fetch GET 304 https://registry.npmjs.org/@types%2fansi-align 2570ms (from cache)
16 silly registry:manifest no matching version for @types/ansi-align@ts3.6 in the cache. Forcing revalidation.
17 silly pacote tag manifest for @types/accepts@ts3.6 fetched in 2615ms
18 silly pacote tag manifest for @types/asn1@ts3.6 fetched in 2618ms
19 http fetch GET 304 https://registry.npmjs.org/@types%2fare-we-there-yet 2643ms (from cache)
20 http fetch GET 304 https://registry.npmjs.org/@types%2fbalanced-match 2843ms (from cache)
21 http fetch GET 304 https://registry.npmjs.org/@types%2fabbrev 2866ms (from cache)
22 silly pacote tag manifest for @types/are-we-there-yet@ts3.6 fetched in 2953ms
23 http fetch GET 304 https://registry.npmjs.org/@types%2fbrace-expansion 2951ms (from cache)
24 silly pacote tag manifest for @types/abbrev@ts3.6 fetched in 2995ms
25 http fetch GET 304 https://registry.npmjs.org/@types%2faws4 3022ms (from cache)
26 silly pacote tag manifest for @types/balanced-match@ts3.6 fetched in 3046ms
27 silly pacote tag manifest for @types/brace-expansion@ts3.6 fetched in 3189ms
28 silly pacote tag manifest for @types/aws4@ts3.6 fetched in 3247ms
29 http fetch GET 304 https://registry.npmjs.org/@types%2fassert-plus 3269ms (from cache)
30 silly pacote tag manifest for @types/assert-plus@ts3.6 fetched in 3521ms
31 http fetch GET 304 https://registry.npmjs.org/@types%2fcolor-name 599ms (from cache)
32 http fetch GET 304 https://registry.npmjs.org/@types%2fcolor-convert 930ms (from cache)
33 http fetch GET 304 https://registry.npmjs.org/@types%2fcontent-disposition 359ms (from cache)
34 silly pacote tag manifest for @types/color-convert@ts3.6 fetched in 1002ms
35 silly pacote tag manifest for @types/content-disposition@ts3.6 fetched in 407ms
36 silly pacote tag manifest for @types/color-name@ts3.6 fetched in 714ms
37 http fetch GET 304 https://registry.npmjs.org/@types%2fcontent-type 361ms (from cache)
38 silly pacote tag manifest for @types/content-type@ts3.6 fetched in 371ms
39 http fetch GET 304 https://registry.npmjs.org/@types%2fcookie 376ms (from cache)
40 http fetch GET 200 https://registry.npmjs.org/@types%2fansi-align 1477ms
41 silly fetchPackageMetaData error for @types/ansi-align@ts3.6 No matching version found for @types/ansi-align@ts3.6.
42 silly pacote tag manifest for @types/cookie@ts3.6 fetched in 443ms
43 http fetch GET 304 https://registry.npmjs.org/@types%2fcaseless 2028ms (from cache)
44 http fetch GET 304 https://registry.npmjs.org/@types%2fdashdash 226ms (from cache)
45 silly pacote tag manifest for @types/dashdash@ts3.6 fetched in 367ms
46 silly pacote tag manifest for @types/caseless@ts3.6 fetched in 2229ms
47 http fetch GET 304 https://registry.npmjs.org/@types%2fdebug 264ms (from cache)
48 silly pacote tag manifest for @types/debug@ts3.6 fetched in 396ms
49 http fetch GET 304 https://registry.npmjs.org/@types%2fchownr 1887ms (from cache)
50 silly pacote tag manifest for @types/chownr@ts3.6 fetched in 2031ms
51 http fetch GET 304 https://registry.npmjs.org/@types%2fdepd 459ms (from cache)
52 http fetch GET 304 https://registry.npmjs.org/@types%2fcombined-stream 1802ms (from cache)
53 silly pacote tag manifest for @types/combined-stream@ts3.6 fetched in 1829ms
54 silly pacote tag manifest for @types/depd@ts3.6 fetched in 557ms
55 http fetch GET 304 https://registry.npmjs.org/@types%2fconcat-map 1923ms (from cache)
56 http fetch GET 304 https://registry.npmjs.org/@types%2fconfigstore 1767ms (from cache)
57 http fetch GET 304 https://registry.npmjs.org/@types%2fcore-util-is 1316ms (from cache)
58 silly registry:manifest no matching version for @types/core-util-is@ts3.6 in the cache. Forcing revalidation.
59 silly pacote tag manifest for @types/concat-map@ts3.6 fetched in 1987ms
60 silly pacote tag manifest for @types/configstore@ts3.6 fetched in 1844ms
61 http fetch GET 304 https://registry.npmjs.org/@types%2fcookie-signature 1623ms (from cache)
62 silly pacote tag manifest for @types/cookie-signature@ts3.6 fetched in 1641ms
63 http fetch GET 304 https://registry.npmjs.org/@types%2fdelegates 1599ms (from cache)
64 silly registry:manifest no matching version for @types/delegates@ts3.6 in the cache. Forcing revalidation.
65 http fetch GET 304 https://registry.npmjs.org/@types%2fdeep-extend 1799ms (from cache)
66 http fetch GET 304 https://registry.npmjs.org/@types%2fduplexer3 1074ms (from cache)
67 silly pacote tag manifest for @types/deep-extend@ts3.6 fetched in 1896ms
68 silly pacote tag manifest for @types/duplexer3@ts3.6 fetched in 1161ms
69 http fetch GET 304 https://registry.npmjs.org/@types%2fdestroy 1770ms (from cache)
70 silly pacote tag manifest for @types/destroy@ts3.6 fetched in 1774ms
71 http fetch GET 304 https://registry.npmjs.org/@types%2fee-first 1638ms (from cache)
72 http fetch GET 200 https://registry.npmjs.org/@types%2fcore-util-is 1512ms
73 silly fetchPackageMetaData error for @types/core-util-is@ts3.6 No matching version found for @types/core-util-is@ts3.6.
74 silly pacote tag manifest for @types/ee-first@ts3.6 fetched in 1650ms
75 http fetch GET 304 https://registry.npmjs.org/@types%2fdetect-libc 1963ms (from cache)
76 http fetch GET 304 https://registry.npmjs.org/@types%2fencodeurl 1566ms (from cache)
77 silly pacote tag manifest for @types/detect-libc@ts3.6 fetched in 1985ms
78 silly pacote tag manifest for @types/encodeurl@ts3.6 fetched in 1588ms
79 http fetch GET 304 https://registry.npmjs.org/@types%2fend-of-stream 1647ms (from cache)
80 silly pacote tag manifest for @types/end-of-stream@ts3.6 fetched in 1658ms
81 http fetch GET 304 https://registry.npmjs.org/@types%2fescape-html 1605ms (from cache)
82 silly pacote tag manifest for @types/escape-html@ts3.6 fetched in 1634ms
83 http fetch GET 304 https://registry.npmjs.org/@types%2ffresh 287ms (from cache)
84 silly pacote tag manifest for @types/fresh@ts3.6 fetched in 377ms
85 http fetch GET 304 https://registry.npmjs.org/@types%2fetag 1740ms (from cache)
86 http fetch GET 304 https://registry.npmjs.org/@types%2ffill-range 1205ms (from cache)
87 silly registry:manifest no matching version for @types/fill-range@ts3.6 in the cache. Forcing revalidation.
88 http fetch GET 304 https://registry.npmjs.org/@types%2fextend 1768ms (from cache)
89 http fetch GET 200 https://registry.npmjs.org/@types%2fdelegates 1871ms
90 silly fetchPackageMetaData error for @types/delegates@ts3.6 No matching version found for @types/delegates@ts3.6.
91 silly pacote tag manifest for @types/etag@ts3.6 fetched in 1779ms
92 silly pacote tag manifest for @types/extend@ts3.6 fetched in 1783ms
93 http fetch GET 304 https://registry.npmjs.org/@types%2fextsprintf 1536ms (from cache)
94 silly pacote tag manifest for @types/extsprintf@ts3.6 fetched in 1563ms
95 http fetch GET 304 https://registry.npmjs.org/@types%2ffinalhandler 1576ms (from cache)
96 silly pacote tag manifest for @types/finalhandler@ts3.6 fetched in 1601ms
97 http fetch GET 304 https://registry.npmjs.org/@types%2fhttp-cache-semantics 333ms (from cache)
98 silly pacote tag manifest for @types/http-cache-semantics@ts3.6 fetched in 339ms
99 http fetch GET 304 https://registry.npmjs.org/@types%2fgraceful-fs 410ms (from cache)
100 http fetch GET 304 https://registry.npmjs.org/@types%2fgetpass 444ms (from cache)
101 silly pacote tag manifest for @types/graceful-fs@ts3.6 fetched in 525ms
102 silly pacote tag manifest for @types/getpass@ts3.6 fetched in 548ms
103 http fetch GET 304 https://registry.npmjs.org/@types%2fforever-agent 1673ms (from cache)
104 http fetch GET 304 https://registry.npmjs.org/@types%2fforwarded 1693ms (from cache)
105 silly pacote tag manifest for @types/forever-agent@ts3.6 fetched in 1887ms
106 http fetch GET 304 https://registry.npmjs.org/@types%2fhttp-errors 415ms (from cache)
107 silly pacote tag manifest for @types/forwarded@ts3.6 fetched in 1930ms
108 http fetch GET 304 https://registry.npmjs.org/@types%2ffs-minipass 1681ms (from cache)
109 silly registry:manifest no matching version for @types/fs-minipass@ts3.6 in the cache. Forcing revalidation.
110 silly pacote tag manifest for @types/http-errors@ts3.6 fetched in 598ms
111 http fetch GET 304 https://registry.npmjs.org/@types%2fgauge 1765ms (from cache)
112 silly registry:manifest no matching version for @types/gauge@ts3.6 in the cache. Forcing revalidation.
113 http fetch GET 304 https://registry.npmjs.org/@types%2fglob-parent 1317ms (from cache)
114 silly pacote tag manifest for @types/glob-parent@ts3.6 fetched in 1334ms
115 http fetch GET 200 https://registry.npmjs.org/@types%2ffill-range 1687ms
116 silly fetchPackageMetaData error for @types/fill-range@ts3.6 No matching version found for @types/fill-range@ts3.6.
117 http fetch GET 304 https://registry.npmjs.org/@types%2fignore-by-default 1329ms (from cache)
118 silly registry:manifest no matching version for @types/ignore-by-default@ts3.6 in the cache. Forcing revalidation.
119 http fetch GET 304 https://registry.npmjs.org/@types%2finherits 941ms (from cache)
120 silly pacote tag manifest for @types/inherits@ts3.6 fetched in 945ms
121 http fetch GET 304 https://registry.npmjs.org/@types%2fhttp-signature 1649ms (from cache)
122 silly registry:manifest no matching version for @types/http-signature@ts3.6 in the cache. Forcing revalidation.
123 http fetch GET 200 https://registry.npmjs.org/@types%2ffs-minipass 1503ms
124 silly fetchPackageMetaData error for @types/fs-minipass@ts3.6 No matching version found for @types/fs-minipass@ts3.6.
125 http fetch GET 304 https://registry.npmjs.org/@types%2fimurmurhash 1632ms (from cache)
126 silly pacote tag manifest for @types/imurmurhash@ts3.6 fetched in 1733ms
127 http fetch GET 304 https://registry.npmjs.org/@types%2finflight 1753ms (from cache)
128 silly registry:manifest no matching version for @types/inflight@ts3.6 in the cache. Forcing revalidation.
129 http fetch GET 304 https://registry.npmjs.org/@types%2fignore-walk 2027ms (from cache)
130 silly pacote tag manifest for @types/ignore-walk@ts3.6 fetched in 2164ms
131 http fetch GET 304 https://registry.npmjs.org/@types%2fis-number 328ms (from cache)
132 silly pacote tag manifest for @types/is-number@ts3.6 fetched in 339ms
133 http fetch GET 200 https://registry.npmjs.org/@types%2fgauge 1739ms
134 silly fetchPackageMetaData error for @types/gauge@ts3.6 No matching version found for @types/gauge@ts3.6.
135 http fetch GET 304 https://registry.npmjs.org/@types%2fisarray 235ms (from cache)
136 silly pacote tag manifest for @types/isarray@ts3.6 fetched in 268ms
137 http fetch GET 304 https://registry.npmjs.org/@types%2fini 1805ms (from cache)
138 http fetch GET 304 https://registry.npmjs.org/@types%2fisexe 315ms (from cache)
139 silly pacote tag manifest for @types/isexe@ts3.6 fetched in 355ms
140 silly pacote tag manifest for @types/ini@ts3.6 fetched in 1890ms
141 http fetch GET 304 https://registry.npmjs.org/@types%2fis-ci 1666ms (from cache)
142 silly pacote tag manifest for @types/is-ci@ts3.6 fetched in 1699ms
143 http fetch GET 200 https://registry.npmjs.org/@types%2fignore-by-default 1522ms
144 silly fetchPackageMetaData error for @types/ignore-by-default@ts3.6 No matching version found for @types/ignore-by-default@ts3.6.
145 http fetch GET 304 https://registry.npmjs.org/@types%2fjson-buffer 261ms (from cache)
146 silly pacote tag manifest for @types/json-buffer@ts3.6 fetched in 274ms
147 http fetch GET 200 https://registry.npmjs.org/@types%2fhttp-signature 1614ms
148 silly fetchPackageMetaData error for @types/http-signature@ts3.6 No matching version found for @types/http-signature@ts3.6.
149 http fetch GET 304 https://registry.npmjs.org/@types%2fis-extglob 1776ms (from cache)
150 silly registry:manifest no matching version for @types/is-extglob@ts3.6 in the cache. Forcing revalidation.
151 http fetch GET 200 https://registry.npmjs.org/@types%2fis-extglob 134ms
152 silly fetchPackageMetaData error for @types/is-extglob@ts3.6 No matching version found for @types/is-extglob@ts3.6.
153 http fetch GET 200 https://registry.npmjs.org/@types%2finflight 1519ms
154 silly fetchPackageMetaData error for @types/inflight@ts3.6 No matching version found for @types/inflight@ts3.6.
155 http fetch GET 304 https://registry.npmjs.org/@types%2fmerge-descriptors 318ms (from cache)
156 http fetch GET 304 https://registry.npmjs.org/@types%2fis-glob 1742ms (from cache)
157 silly pacote tag manifest for @types/is-glob@ts3.6 fetched in 1889ms
158 silly pacote tag manifest for @types/merge-descriptors@ts3.6 fetched in 471ms
159 http fetch GET 304 https://registry.npmjs.org/@types%2fis-typedarray 1601ms (from cache)
160 silly pacote tag manifest for @types/is-typedarray@ts3.6 fetched in 1629ms
161 http fetch GET 304 https://registry.npmjs.org/@types%2fjsbn 1128ms (from cache)
162 silly pacote tag manifest for @types/jsbn@ts3.6 fetched in 1195ms
163 http fetch GET 304 https://registry.npmjs.org/@types%2fjson-schema 1368ms (from cache)
164 silly pacote tag manifest for @types/json-schema@ts3.6 fetched in 1381ms
165 http fetch GET 304 https://registry.npmjs.org/@types%2fisstream 1722ms (from cache)
166 silly pacote tag manifest for @types/isstream@ts3.6 fetched in 1739ms
167 http fetch GET 304 https://registry.npmjs.org/@types%2fms 279ms (from cache)
168 silly pacote tag manifest for @types/ms@ts3.6 fetched in 292ms
169 http fetch GET 304 https://registry.npmjs.org/@types%2fjson-stringify-safe 1818ms (from cache)
170 http fetch GET 304 https://registry.npmjs.org/@types%2fmedia-typer 1549ms (from cache)
171 http fetch GET 304 https://registry.npmjs.org/@types%2fjsprim 1722ms (from cache)
172 silly registry:manifest no matching version for @types/jsprim@ts3.6 in the cache. Forcing revalidation.
173 silly pacote tag manifest for @types/media-typer@ts3.6 fetched in 1587ms
174 silly pacote tag manifest for @types/json-stringify-safe@ts3.6 fetched in 1866ms
175 http fetch GET 304 https://registry.npmjs.org/@types%2fmime-types 1277ms (from cache)
176 silly pacote tag manifest for @types/mime-types@ts3.6 fetched in 1296ms
177 http fetch GET 304 https://registry.npmjs.org/@types%2fmime-db 1613ms (from cache)
178 silly pacote tag manifest for @types/mime-db@ts3.6 fetched in 1617ms
179 http fetch GET 304 https://registry.npmjs.org/@types%2fnormalize-path 748ms (from cache)
180 silly pacote tag manifest for @types/normalize-path@ts3.6 fetched in 772ms
181 http fetch GET 304 https://registry.npmjs.org/@types%2fminizlib 1640ms (from cache)
182 http fetch GET 304 https://registry.npmjs.org/@types%2fminimist 1718ms (from cache)
183 silly pacote tag manifest for @types/minimist@ts3.6 fetched in 1746ms
184 http fetch GET 304 https://registry.npmjs.org/@types%2fmethods 1997ms (from cache)
185 silly pacote tag manifest for @types/methods@ts3.6 fetched in 2016ms
186 silly pacote tag manifest for @types/minizlib@ts3.6 fetched in 1724ms
187 http fetch GET 304 https://registry.npmjs.org/@types%2fobject-assign 201ms (from cache)
188 silly pacote tag manifest for @types/object-assign@ts3.6 fetched in 247ms
189 http fetch GET 200 https://registry.npmjs.org/@types%2fjsprim 1436ms
190 silly fetchPackageMetaData error for @types/jsprim@ts3.6 No matching version found for @types/jsprim@ts3.6.
191 http fetch GET 304 https://registry.npmjs.org/@types%2fneedle 1813ms (from cache)
192 silly pacote tag manifest for @types/needle@ts3.6 fetched in 1826ms
193 http fetch GET 304 https://registry.npmjs.org/@types%2fnegotiator 1697ms (from cache)
194 silly pacote tag manifest for @types/negotiator@ts3.6 fetched in 1815ms
195 http fetch GET 304 https://registry.npmjs.org/@types%2fnopt 1709ms (from cache)
196 silly pacote tag manifest for @types/nopt@ts3.6 fetched in 1735ms
197 http fetch GET 304 https://registry.npmjs.org/@types%2fnpm-packlist 1551ms (from cache)
198 silly pacote tag manifest for @types/npm-packlist@ts3.6 fetched in 1558ms
199 http fetch GET 304 https://registry.npmjs.org/@types%2fnumber-is-nan 1122ms (from cache)
200 silly pacote tag manifest for @types/number-is-nan@ts3.6 fetched in 1131ms
201 http fetch GET 304 https://registry.npmjs.org/@types%2fnpmlog 1662ms (from cache)
202 silly pacote tag manifest for @types/npmlog@ts3.6 fetched in 1669ms
203 http fetch GET 304 https://registry.npmjs.org/@types%2fos-tmpdir 1114ms (from cache)
204 http fetch GET 304 https://registry.npmjs.org/@types%2fpsl 202ms (from cache)
205 silly pacote tag manifest for @types/os-tmpdir@ts3.6 fetched in 1121ms
206 http fetch GET 304 https://registry.npmjs.org/@types%2fon-finished 1671ms (from cache)
207 silly pacote tag manifest for @types/on-finished@ts3.6 fetched in 1701ms
208 silly pacote tag manifest for @types/psl@ts3.6 fetched in 239ms
209 http fetch GET 304 https://registry.npmjs.org/@types%2fos-homedir 1619ms (from cache)
210 http fetch GET 304 https://registry.npmjs.org/@types%2fparseurl 1252ms (from cache)
211 silly pacote tag manifest for @types/os-homedir@ts3.6 fetched in 1810ms
212 http fetch GET 304 https://registry.npmjs.org/@types%2fonce 2027ms (from cache)
213 silly pacote tag manifest for @types/parseurl@ts3.6 fetched in 1326ms
214 silly pacote tag manifest for @types/once@ts3.6 fetched in 2174ms
215 http fetch GET 304 https://registry.npmjs.org/@types%2frc 279ms (from cache)
216 silly pacote tag manifest for @types/rc@ts3.6 fetched in 301ms
217 http fetch GET 304 https://registry.npmjs.org/@types%2fosenv 1830ms (from cache)
218 silly pacote tag manifest for @types/osenv@ts3.6 fetched in 1859ms
219 http fetch GET 304 https://registry.npmjs.org/@types%2fpath-is-absolute 1583ms (from cache)
220 http fetch GET 304 https://registry.npmjs.org/@types%2freadable-stream 257ms (from cache)
221 silly pacote tag manifest for @types/path-is-absolute@ts3.6 fetched in 1589ms
222 silly pacote tag manifest for @types/readable-stream@ts3.6 fetched in 261ms
223 http fetch GET 304 https://registry.npmjs.org/@types%2fresponselike 160ms (from cache)
224 http fetch GET 304 https://registry.npmjs.org/@types%2frequest 184ms (from cache)
225 silly pacote tag manifest for @types/responselike@ts3.6 fetched in 178ms
226 silly pacote tag manifest for @types/request@ts3.6 fetched in 201ms
227 http fetch GET 304 https://registry.npmjs.org/@types%2fproxy-addr 1607ms (from cache)
228 http fetch GET 304 https://registry.npmjs.org/@types%2fpicomatch 1712ms (from cache)
229 silly pacote tag manifest for @types/picomatch@ts3.6 fetched in 1817ms
230 silly pacote tag manifest for @types/proxy-addr@ts3.6 fetched in 1813ms
231 http fetch GET 304 https://registry.npmjs.org/@types%2fsemver 333ms (from cache)
232 silly pacote tag manifest for @types/semver@ts3.6 fetched in 354ms
233 http fetch GET 304 https://registry.npmjs.org/@types%2frange-parser 1177ms (from cache)
234 silly pacote tag manifest for @types/range-parser@ts3.6 fetched in 1193ms
235 http fetch GET 304 https://registry.npmjs.org/@types%2fqs 1736ms (from cache)
236 silly pacote tag manifest for @types/qs@ts3.6 fetched in 1757ms
237 http fetch GET 304 https://registry.npmjs.org/@types%2fpump 1840ms (from cache)
238 http fetch GET 304 https://registry.npmjs.org/@types%2fpunycode 1810ms (from cache)
239 silly pacote tag manifest for @types/pump@ts3.6 fetched in 1899ms
240 silly pacote tag manifest for @types/punycode@ts3.6 fetched in 1867ms
241 http fetch GET 304 https://registry.npmjs.org/@types%2fsupports-color 191ms (from cache)
242 silly pacote tag manifest for @types/supports-color@ts3.6 fetched in 223ms
243 http fetch GET 304 https://registry.npmjs.org/@types%2fregistry-auth-token 1516ms (from cache)
244 silly pacote tag manifest for @types/registry-auth-token@ts3.6 fetched in 1520ms
245 http fetch GET 304 https://registry.npmjs.org/@types%2fsafer-buffer 1767ms (from cache)
246 silly pacote tag manifest for @types/safer-buffer@ts3.6 fetched in 1769ms
247 http fetch GET 304 https://registry.npmjs.org/@types%2fsax 1695ms (from cache)
248 silly pacote tag manifest for @types/sax@ts3.6 fetched in 1722ms
249 http fetch GET 304 https://registry.npmjs.org/@types%2fserve-static 1910ms (from cache)
250 http fetch GET 304 https://registry.npmjs.org/@types%2fsend 1935ms (from cache)
251 silly pacote tag manifest for @types/send@ts3.6 fetched in 1957ms
252 silly pacote tag manifest for @types/serve-static@ts3.6 fetched in 1951ms
253 http fetch GET 304 https://registry.npmjs.org/@types%2fsignal-exit 1594ms (from cache)
254 silly pacote tag manifest for @types/signal-exit@ts3.6 fetched in 1608ms
255 http fetch GET 200 https://registry.npmjs.org/@types%2fset-blocking 2013ms
256 silly fetchPackageMetaData error for @types/set-blocking@ts3.6 No matching version found for @types/set-blocking@ts3.6.
257 http fetch GET 304 https://registry.npmjs.org/@types%2fsshpk 1677ms (from cache)
258 http fetch GET 304 https://registry.npmjs.org/@types%2ftough-cookie 334ms (from cache)
259 silly pacote tag manifest for @types/sshpk@ts3.6 fetched in 1684ms
260 silly pacote tag manifest for @types/tough-cookie@ts3.6 fetched in 355ms
261 http fetch GET 304 https://registry.npmjs.org/@types%2fstatuses 1692ms (from cache)
262 http fetch GET 304 https://registry.npmjs.org/@types%2ftar 1473ms (from cache)
263 silly pacote tag manifest for @types/statuses@ts3.6 fetched in 1706ms
264 silly pacote tag manifest for @types/tar@ts3.6 fetched in 1495ms
265 http fetch GET 304 https://registry.npmjs.org/@types%2ftype-is 592ms (from cache)
266 http fetch GET 200 https://registry.npmjs.org/@types%2fto-regex-range 1538ms
267 silly fetchPackageMetaData error for @types/to-regex-range@ts3.6 No matching version found for @types/to-regex-range@ts3.6.
268 silly pacote tag manifest for @types/type-is@ts3.6 fetched in 626ms
269 http fetch GET 200 https://registry.npmjs.org/@types%2ftypedarray-to-buffer 722ms
270 silly fetchPackageMetaData error for @types/typedarray-to-buffer@ts3.6 No matching version found for @types/typedarray-to-buffer@ts3.6.
271 http fetch GET 200 https://registry.npmjs.org/@types%2ftoidentifier 2006ms
272 silly fetchPackageMetaData error for @types/toidentifier@ts3.6 No matching version found for @types/toidentifier@ts3.6.
273 http fetch GET 304 https://registry.npmjs.org/@types%2ftouch 2075ms (from cache)
274 silly pacote tag manifest for @types/touch@ts3.6 fetched in 2079ms
275 http fetch GET 304 https://registry.npmjs.org/@types%2fwhich 1231ms (from cache)
276 http fetch GET 200 https://registry.npmjs.org/@types%2furl-parse-lax 1664ms
277 silly fetchPackageMetaData error for @types/url-parse-lax@ts3.6 No matching version found for @types/url-parse-lax@ts3.6.
278 silly pacote tag manifest for @types/which@ts3.6 fetched in 1266ms
279 http fetch GET 304 https://registry.npmjs.org/@types%2futil-deprecate 1932ms (from cache)
280 http fetch GET 304 https://registry.npmjs.org/@types%2fverror 1660ms (from cache)
281 http fetch GET 304 https://registry.npmjs.org/@types%2fupdate-notifier 2083ms (from cache)
282 http fetch GET 304 https://registry.npmjs.org/@types%2futils-merge 1825ms (from cache)
283 silly pacote tag manifest for @types/update-notifier@ts3.6 fetched in 2095ms
284 silly pacote tag manifest for @types/verror@ts3.6 fetched in 1673ms
285 silly pacote tag manifest for @types/utils-merge@ts3.6 fetched in 1837ms
286 silly pacote tag manifest for @types/util-deprecate@ts3.6 fetched in 1950ms
287 http fetch GET 304 https://registry.npmjs.org/@types%2fuuid 1826ms (from cache)
288 silly pacote tag manifest for @types/uuid@ts3.6 fetched in 1830ms
289 http fetch GET 304 https://registry.npmjs.org/@types%2fvary 1965ms (from cache)
290 silly pacote tag manifest for @types/vary@ts3.6 fetched in 1968ms
291 http fetch GET 304 https://registry.npmjs.org/@types%2fyallist 1319ms (from cache)
292 silly pacote tag manifest for @types/yallist@ts3.6 fetched in 1359ms
293 http fetch GET 304 https://registry.npmjs.org/@types%2fwrite-file-atomic 2048ms (from cache)
294 silly pacote tag manifest for @types/write-file-atomic@ts3.6 fetched in 2053ms
295 timing stage:rollbackFailedOptional Completed in 1ms
296 timing stage:runTopLevelLifecycles Completed in 22287ms
297 verbose type tag
298 verbose stack @types/ansi-align: No matching version found for @types/ansi-align@ts3.6.
298 verbose stack     at pickManifest (/usr/local/lib/node_modules/npm/node_modules/npm-pick-manifest/index.js:122:13)
298 verbose stack     at /usr/local/lib/node_modules/npm/node_modules/pacote/lib/fetchers/registry/manifest.js:43:18
298 verbose stack     at tryCatcher (/usr/local/lib/node_modules/npm/node_modules/bluebird/js/release/util.js:16:23)
298 verbose stack     at Promise._settlePromiseFromHandler (/usr/local/lib/node_modules/npm/node_modules/bluebird/js/release/promise.js:517:31)
298 verbose stack     at Promise._settlePromise (/usr/local/lib/node_modules/npm/node_modules/bluebird/js/release/promise.js:574:18)
298 verbose stack     at Promise._settlePromise0 (/usr/local/lib/node_modules/npm/node_modules/bluebird/js/release/promise.js:619:10)
298 verbose stack     at Promise._settlePromises (/usr/local/lib/node_modules/npm/node_modules/bluebird/js/release/promise.js:699:18)
298 verbose stack     at _drainQueueStep (/usr/local/lib/node_modules/npm/node_modules/bluebird/js/release/async.js:138:12)
298 verbose stack     at _drainQueue (/usr/local/lib/node_modules/npm/node_modules/bluebird/js/release/async.js:131:9)
298 verbose stack     at Async._drainQueues (/usr/local/lib/node_modules/npm/node_modules/bluebird/js/release/async.js:147:5)
298 verbose stack     at Immediate.Async.drainQueues [as _onImmediate] (/usr/local/lib/node_modules/npm/node_modules/bluebird/js/release/async.js:17:14)
298 verbose stack     at processImmediate (internal/timers.js:456:21)
299 verbose cwd /home/theia/.cache/typescript/3.6
300 verbose Linux 5.15.146.1-microsoft-standard-WSL2
301 verbose argv "/usr/local/bin/node" "/usr/local/bin/npm" "install" "--ignore-scripts" "@types/abbrev@ts3.6" "@types/accepts@ts3.6" "@types/ansi-align@ts3.6" "@types/are-we-there-yet@ts3.6" "@types/asn1@ts3.6" "@types/assert-plus@ts3.6" "@types/aws4@ts3.6" "@types/balanced-match@ts3.6" "@types/body-parser@ts3.6" "@types/brace-expansion@ts3.6" "@types/braces@ts3.6" "@types/bytes@ts3.6" "@types/caseless@ts3.6" "@types/chownr@ts3.6" "@types/color-convert@ts3.6" "@types/color-name@ts3.6" "@types/combined-stream@ts3.6" "@types/concat-map@ts3.6" "@types/configstore@ts3.6" "@types/content-disposition@ts3.6" "@types/content-type@ts3.6" "@types/cookie@ts3.6" "@types/cookie-signature@ts3.6" "@types/core-util-is@ts3.6" "@types/dashdash@ts3.6" "@types/debug@ts3.6" "@types/deep-extend@ts3.6" "@types/delegates@ts3.6" "@types/depd@ts3.6" "@types/destroy@ts3.6" "@types/detect-libc@ts3.6" "@types/duplexer3@ts3.6" "@types/ee-first@ts3.6" "@types/encodeurl@ts3.6" "@types/end-of-stream@ts3.6" "@types/escape-html@ts3.6" "@types/etag@ts3.6" "@types/extend@ts3.6" "@types/extsprintf@ts3.6" "@types/fill-range@ts3.6" "@types/finalhandler@ts3.6" "@types/forever-agent@ts3.6" "@types/forwarded@ts3.6" "@types/fresh@ts3.6" "@types/fs-minipass@ts3.6" "@types/gauge@ts3.6" "@types/getpass@ts3.6" "@types/glob-parent@ts3.6" "@types/graceful-fs@ts3.6" "@types/http-cache-semantics@ts3.6" "@types/http-errors@ts3.6" "@types/http-signature@ts3.6" "@types/ignore-by-default@ts3.6" "@types/ignore-walk@ts3.6" "@types/imurmurhash@ts3.6" "@types/inflight@ts3.6" "@types/inherits@ts3.6" "@types/ini@ts3.6" "@types/is-ci@ts3.6" "@types/is-extglob@ts3.6" "@types/is-glob@ts3.6" "@types/is-number@ts3.6" "@types/is-typedarray@ts3.6" "@types/isarray@ts3.6" "@types/isexe@ts3.6" "@types/isstream@ts3.6" "@types/jsbn@ts3.6" "@types/json-buffer@ts3.6" "@types/json-schema@ts3.6" "@types/json-stringify-safe@ts3.6" "@types/jsprim@ts3.6" "@types/media-typer@ts3.6" "@types/merge-descriptors@ts3.6" "@types/methods@ts3.6" "@types/mime-db@ts3.6" "@types/mime-types@ts3.6" "@types/minimist@ts3.6" "@types/minizlib@ts3.6" "@types/ms@ts3.6" "@types/needle@ts3.6" "@types/negotiator@ts3.6" "@types/nopt@ts3.6" "@types/normalize-path@ts3.6" "@types/npm-packlist@ts3.6" "@types/npmlog@ts3.6" "@types/number-is-nan@ts3.6" "@types/object-assign@ts3.6" "@types/on-finished@ts3.6" "@types/once@ts3.6" "@types/os-homedir@ts3.6" "@types/os-tmpdir@ts3.6" "@types/osenv@ts3.6" "@types/parseurl@ts3.6" "@types/path-is-absolute@ts3.6" "@types/picomatch@ts3.6" "@types/proxy-addr@ts3.6" "@types/psl@ts3.6" "@types/pump@ts3.6" "@types/punycode@ts3.6" "@types/qs@ts3.6" "@types/range-parser@ts3.6" "@types/rc@ts3.6" "@types/readable-stream@ts3.6" "@types/registry-auth-token@ts3.6" "@types/request@ts3.6" "@types/responselike@ts3.6" "@types/safer-buffer@ts3.6" "@types/sax@ts3.6" "@types/semver@ts3.6" "@types/send@ts3.6" "@types/serve-static@ts3.6" "@types/set-blocking@ts3.6" "@types/signal-exit@ts3.6" "@types/sshpk@ts3.6" "@types/statuses@ts3.6" "@types/supports-color@ts3.6" "@types/tar@ts3.6" "@types/to-regex-range@ts3.6" "@types/toidentifier@ts3.6" "@types/touch@ts3.6" "@types/tough-cookie@ts3.6" "@types/type-is@ts3.6" "@types/typedarray-to-buffer@ts3.6" "@types/update-notifier@ts3.6" "@types/url-parse-lax@ts3.6" "@types/util-deprecate@ts3.6" "@types/utils-merge@ts3.6" "@types/uuid@ts3.6" "@types/vary@ts3.6" "@types/verror@ts3.6" "@types/which@ts3.6" "@types/write-file-atomic@ts3.6" "@types/yallist@ts3.6" "--save-dev" "--user-agent=typesInstaller/3.6.3"
302 verbose node v12.18.3
303 verbose npm  v6.14.6
304 error code ETARGET
305 error notarget No matching version found for @types/ansi-align@ts3.6.
306 error notarget In most cases you or one of your dependencies are requesting
306 error notarget a package version that doesn't exist.
307 verbose exit [ 1, true ]
